2022-03-10 01:00:49 [restartedMain]INFO  c.c.s.SpringBootProjectHibernateApplication - Starting SpringBootProjectHibernateApplication using Java 17.0.1 on LIN80033739 with PID 20284 (C:\Users\dthotamc\eclipse-workspace\SpringBootProjectHibernate\target\classes started by dthotamc in C:\Users\dthotamc\eclipse-workspace\SpringBootProjectHibernate)
2022-03-10 01:00:49 [restartedMain]INFO  c.c.s.SpringBootProjectHibernateApplication - No active profile set, falling back to 1 default profile: "default"
2022-03-10 01:00:49 [restartedMain]INFO  o.s.d.r.c.RepositoryConfigurationDelegate - Bootstrapping Spring Data JPA repositories in DEFAULT mode.
2022-03-10 01:00:49 [restartedMain]INFO  o.s.d.r.c.RepositoryConfigurationDelegate - Finished Spring Data repository scanning in 8 ms. Found 1 JPA repository interfaces.
2022-03-10 01:00:49 [restartedMain]INFO  o.s.b.w.e.tomcat.TomcatWebServer - Tomcat initialized with port(s): 8082 (http)
2022-03-10 01:00:49 [restartedMain]INFO  o.a.catalina.core.StandardService - Starting service [Tomcat]
2022-03-10 01:00:49 [restartedMain]INFO  o.a.catalina.core.StandardEngine - Starting Servlet engine: [Apache Tomcat/9.0.58]
2022-03-10 01:00:49 [restartedMain]INFO  o.a.c.c.C.[Tomcat].[localhost].[/] - Initializing Spring embedded WebApplicationContext
2022-03-10 01:00:49 [restartedMain]INFO  o.s.b.w.s.c.ServletWebServerApplicationContext - Root WebApplicationContext: initialization completed in 232 ms
2022-03-10 01:00:49 [restartedMain]INFO  com.zaxxer.hikari.HikariDataSource - HikariPool-21 - Starting...
2022-03-10 01:00:49 [restartedMain]INFO  com.zaxxer.hikari.HikariDataSource - HikariPool-21 - Start completed.
2022-03-10 01:00:49 [restartedMain]INFO  o.s.b.a.h.H2ConsoleAutoConfiguration - H2 console available at '/h2-console'. Database available at 'jdbc:h2:mem:dcbapp'
2022-03-10 01:00:49 [restartedMain]INFO  o.h.jpa.internal.util.LogHelper - HHH000204: Processing PersistenceUnitInfo [name: default]
2022-03-10 01:00:49 [restartedMain]INFO  org.hibernate.dialect.Dialect - HHH000400: Using dialect: org.hibernate.dialect.H2Dialect
2022-03-10 01:00:49 [restartedMain]INFO  o.h.e.t.j.p.i.JtaPlatformInitiator - HHH000490: Using JtaPlatform implementation: [org.hibernate.engine.transaction.jta.platform.internal.NoJtaPlatform]
2022-03-10 01:00:49 [restartedMain]INFO  o.s.o.j.LocalContainerEntityManagerFactoryBean - Initialized JPA EntityManagerFactory for persistence unit 'default'
2022-03-10 01:00:50 [restartedMain]WARN  o.s.b.a.o.j.JpaBaseConfiguration$JpaWebConfiguration - spring.jpa.open-in-view is enabled by default. Therefore, database queries may be performed during view rendering. Explicitly configure spring.jpa.open-in-view to disable this warning
2022-03-10 01:00:50 [restartedMain]INFO  o.s.b.d.a.OptionalLiveReloadServer - LiveReload server is running on port 35729
2022-03-10 01:00:50 [restartedMain]INFO  o.s.b.a.e.web.EndpointLinksResolver - Exposing 1 endpoint(s) beneath base path '/actuator'
2022-03-10 01:00:50 [restartedMain]INFO  o.s.b.w.e.tomcat.TomcatWebServer - Tomcat started on port(s): 8082 (http) with context path ''
2022-03-10 01:00:50 [restartedMain]INFO  c.c.s.SpringBootProjectHibernateApplication - Started SpringBootProjectHibernateApplication in 0.425 seconds (JVM running for 8110.386)
2022-03-10 01:00:50 [restartedMain]INFO  o.s.b.d.a.ConditionEvaluationDeltaLoggingListener - Condition evaluation unchanged
2022-03-10 14:02:49 [restartedMain]INFO  c.c.s.SpringBootProjectHibernateApplication - Starting SpringBootProjectHibernateApplication using Java 17.0.1 on LIN80033739 with PID 3856 (C:\Users\dthotamc\eclipse-workspace\SpringBootProjectHibernate\target\classes started by dthotamc in C:\Users\dthotamc\eclipse-workspace\SpringBootProjectHibernate)
2022-03-10 14:02:49 [restartedMain]INFO  c.c.s.SpringBootProjectHibernateApplication - No active profile set, falling back to 1 default profile: "default"
2022-03-10 14:02:49 [restartedMain]INFO  o.s.b.d.e.DevToolsPropertyDefaultsPostProcessor - Devtools property defaults active! Set 'spring.devtools.add-properties' to 'false' to disable
2022-03-10 14:02:49 [restartedMain]INFO  o.s.b.d.e.DevToolsPropertyDefaultsPostProcessor - For additional web related logging consider setting the 'logging.level.web' property to 'DEBUG'
2022-03-10 14:02:50 [restartedMain]INFO  o.s.d.r.c.RepositoryConfigurationDelegate - Bootstrapping Spring Data JPA repositories in DEFAULT mode.
2022-03-10 14:02:50 [restartedMain]INFO  o.s.d.r.c.RepositoryConfigurationDelegate - Finished Spring Data repository scanning in 53 ms. Found 1 JPA repository interfaces.
2022-03-10 14:02:51 [restartedMain]INFO  o.s.b.w.e.tomcat.TomcatWebServer - Tomcat initialized with port(s): 8082 (http)
2022-03-10 14:02:51 [restartedMain]INFO  o.a.catalina.core.StandardService - Starting service [Tomcat]
2022-03-10 14:02:51 [restartedMain]INFO  o.a.catalina.core.StandardEngine - Starting Servlet engine: [Apache Tomcat/9.0.58]
2022-03-10 14:02:51 [restartedMain]INFO  o.a.c.c.C.[Tomcat].[localhost].[/] - Initializing Spring embedded WebApplicationContext
2022-03-10 14:02:51 [restartedMain]INFO  o.s.b.w.s.c.ServletWebServerApplicationContext - Root WebApplicationContext: initialization completed in 1653 ms
2022-03-10 14:02:51 [restartedMain]INFO  com.zaxxer.hikari.HikariDataSource - HikariPool-1 - Starting...
2022-03-10 14:02:51 [restartedMain]INFO  com.zaxxer.hikari.HikariDataSource - HikariPool-1 - Start completed.
2022-03-10 14:02:51 [restartedMain]INFO  o.s.b.a.h.H2ConsoleAutoConfiguration - H2 console available at '/h2-console'. Database available at 'jdbc:h2:mem:dcbapp'
2022-03-10 14:02:51 [restartedMain]INFO  o.h.jpa.internal.util.LogHelper - HHH000204: Processing PersistenceUnitInfo [name: default]
2022-03-10 14:02:51 [restartedMain]INFO  org.hibernate.Version - HHH000412: Hibernate ORM core version 5.6.5.Final
2022-03-10 14:02:51 [restartedMain]INFO  o.h.annotations.common.Version - HCANN000001: Hibernate Commons Annotations {5.1.2.Final}
2022-03-10 14:02:52 [restartedMain]INFO  org.hibernate.dialect.Dialect - HHH000400: Using dialect: org.hibernate.dialect.H2Dialect
2022-03-10 14:02:52 [restartedMain]INFO  o.h.e.t.j.p.i.JtaPlatformInitiator - HHH000490: Using JtaPlatform implementation: [org.hibernate.engine.transaction.jta.platform.internal.NoJtaPlatform]
2022-03-10 14:02:52 [restartedMain]INFO  o.s.o.j.LocalContainerEntityManagerFactoryBean - Initialized JPA EntityManagerFactory for persistence unit 'default'
2022-03-10 14:02:52 [restartedMain]WARN  o.s.b.a.o.j.JpaBaseConfiguration$JpaWebConfiguration - spring.jpa.open-in-view is enabled by default. Therefore, database queries may be performed during view rendering. Explicitly configure spring.jpa.open-in-view to disable this warning
2022-03-10 14:02:53 [restartedMain]INFO  o.s.b.d.a.OptionalLiveReloadServer - LiveReload server is running on port 35729
2022-03-10 14:02:53 [restartedMain]INFO  o.s.b.a.e.web.EndpointLinksResolver - Exposing 1 endpoint(s) beneath base path '/actuator'
2022-03-10 14:02:53 [restartedMain]INFO  o.s.b.w.e.tomcat.TomcatWebServer - Tomcat started on port(s): 8082 (http) with context path ''
2022-03-10 14:02:53 [restartedMain]INFO  c.c.s.SpringBootProjectHibernateApplication - Started SpringBootProjectHibernateApplication in 4.32 seconds (JVM running for 4.81)
2022-03-10 14:05:11 [http-nio-8082-exec-2]INFO  o.a.c.c.C.[Tomcat].[localhost].[/] - Initializing Spring DispatcherServlet 'dispatcherServlet'
2022-03-10 14:05:11 [http-nio-8082-exec-2]INFO  o.s.web.servlet.DispatcherServlet - Initializing Servlet 'dispatcherServlet'
2022-03-10 14:05:11 [http-nio-8082-exec-2]INFO  o.s.web.servlet.DispatcherServlet - Completed initialization in 0 ms
2022-03-10 14:05:11 [http-nio-8082-exec-2]INFO  c.c.s.c.DepartmentController - Inside saveDepartment of DepartmentController
2022-03-10 14:05:36 [http-nio-8082-exec-3]INFO  c.c.s.c.DepartmentController - Inside fetchDepartmentList of DepartmentController
2022-03-10 14:44:30 [Thread-6]INFO  o.s.o.j.LocalContainerEntityManagerFactoryBean - Closing JPA EntityManagerFactory for persistence unit 'default'
2022-03-10 14:44:30 [Thread-6]INFO  o.h.t.s.i.SchemaDropperImpl$DelayedDropActionImpl - HHH000477: Starting delayed evictData of schema as part of SessionFactory shut-down'
2022-03-10 14:44:30 [Thread-6]WARN  o.s.b.f.s.DisposableBeanAdapter - Invocation of destroy method failed on bean with name 'inMemoryDatabaseShutdownExecutor': org.h2.jdbc.JdbcSQLNonTransientConnectionException: Database is already closed (to disable automatic closing at VM shutdown, add ";DB_CLOSE_ON_EXIT=FALSE" to the db URL) [90121-200]
2022-03-10 14:44:30 [Thread-6]INFO  com.zaxxer.hikari.HikariDataSource - HikariPool-1 - Shutdown initiated...
2022-03-10 14:44:30 [Thread-6]INFO  com.zaxxer.hikari.HikariDataSource - HikariPool-1 - Shutdown completed.
2022-03-10 14:44:30 [restartedMain]INFO  c.c.s.SpringBootProjectHibernateApplication - Starting SpringBootProjectHibernateApplication using Java 17.0.1 on LIN80033739 with PID 3856 (C:\Users\dthotamc\eclipse-workspace\SpringBootProjectHibernate\target\classes started by dthotamc in C:\Users\dthotamc\eclipse-workspace\SpringBootProjectHibernate)
2022-03-10 14:44:30 [restartedMain]INFO  c.c.s.SpringBootProjectHibernateApplication - No active profile set, falling back to 1 default profile: "default"
2022-03-10 14:44:30 [restartedMain]INFO  o.s.d.r.c.RepositoryConfigurationDelegate - Bootstrapping Spring Data JPA repositories in DEFAULT mode.
2022-03-10 14:44:30 [restartedMain]INFO  o.s.d.r.c.RepositoryConfigurationDelegate - Finished Spring Data repository scanning in 10 ms. Found 1 JPA repository interfaces.
2022-03-10 14:44:30 [restartedMain]INFO  o.s.b.w.e.tomcat.TomcatWebServer - Tomcat initialized with port(s): 8082 (http)
2022-03-10 14:44:30 [restartedMain]INFO  o.a.catalina.core.StandardService - Starting service [Tomcat]
2022-03-10 14:44:30 [restartedMain]INFO  o.a.catalina.core.StandardEngine - Starting Servlet engine: [Apache Tomcat/9.0.58]
2022-03-10 14:44:30 [restartedMain]INFO  o.a.c.c.C.[Tomcat].[localhost].[/] - Initializing Spring embedded WebApplicationContext
2022-03-10 14:44:30 [restartedMain]INFO  o.s.b.w.s.c.ServletWebServerApplicationContext - Root WebApplicationContext: initialization completed in 379 ms
2022-03-10 14:44:31 [restartedMain]INFO  com.zaxxer.hikari.HikariDataSource - HikariPool-2 - Starting...
2022-03-10 14:44:31 [restartedMain]INFO  com.zaxxer.hikari.HikariDataSource - HikariPool-2 - Start completed.
2022-03-10 14:44:31 [restartedMain]INFO  o.s.b.a.h.H2ConsoleAutoConfiguration - H2 console available at '/h2-console'. Database available at 'jdbc:h2:mem:dcbapp'
2022-03-10 14:44:31 [restartedMain]INFO  o.h.jpa.internal.util.LogHelper - HHH000204: Processing PersistenceUnitInfo [name: default]
2022-03-10 14:44:31 [restartedMain]INFO  org.hibernate.dialect.Dialect - HHH000400: Using dialect: org.hibernate.dialect.H2Dialect
2022-03-10 14:44:31 [restartedMain]INFO  o.h.e.t.j.p.i.JtaPlatformInitiator - HHH000490: Using JtaPlatform implementation: [org.hibernate.engine.transaction.jta.platform.internal.NoJtaPlatform]
2022-03-10 14:44:31 [restartedMain]INFO  o.s.o.j.LocalContainerEntityManagerFactoryBean - Initialized JPA EntityManagerFactory for persistence unit 'default'
2022-03-10 14:44:31 [restartedMain]WARN  o.s.b.a.o.j.JpaBaseConfiguration$JpaWebConfiguration - spring.jpa.open-in-view is enabled by default. Therefore, database queries may be performed during view rendering. Explicitly configure spring.jpa.open-in-view to disable this warning
2022-03-10 14:44:31 [restartedMain]INFO  o.s.b.d.a.OptionalLiveReloadServer - LiveReload server is running on port 35729
2022-03-10 14:44:31 [restartedMain]INFO  o.s.b.a.e.web.EndpointLinksResolver - Exposing 1 endpoint(s) beneath base path '/actuator'
2022-03-10 14:44:31 [restartedMain]INFO  o.s.b.w.e.tomcat.TomcatWebServer - Tomcat started on port(s): 8082 (http) with context path ''
2022-03-10 14:44:31 [restartedMain]INFO  c.c.s.SpringBootProjectHibernateApplication - Started SpringBootProjectHibernateApplication in 0.627 seconds (JVM running for 2502.432)
2022-03-10 14:44:31 [restartedMain]INFO  o.s.b.d.a.ConditionEvaluationDeltaLoggingListener - Condition evaluation unchanged
2022-03-10 14:46:47 [Thread-8]INFO  o.s.o.j.LocalContainerEntityManagerFactoryBean - Closing JPA EntityManagerFactory for persistence unit 'default'
2022-03-10 14:46:47 [Thread-8]INFO  o.h.t.s.i.SchemaDropperImpl$DelayedDropActionImpl - HHH000477: Starting delayed evictData of schema as part of SessionFactory shut-down'
2022-03-10 14:46:47 [Thread-8]WARN  o.s.b.f.s.DisposableBeanAdapter - Invocation of destroy method failed on bean with name 'inMemoryDatabaseShutdownExecutor': org.h2.jdbc.JdbcSQLNonTransientConnectionException: Database is already closed (to disable automatic closing at VM shutdown, add ";DB_CLOSE_ON_EXIT=FALSE" to the db URL) [90121-200]
2022-03-10 14:46:47 [Thread-8]INFO  com.zaxxer.hikari.HikariDataSource - HikariPool-2 - Shutdown initiated...
2022-03-10 14:46:47 [Thread-8]INFO  com.zaxxer.hikari.HikariDataSource - HikariPool-2 - Shutdown completed.
2022-03-10 14:46:47 [restartedMain]INFO  c.c.s.SpringBootProjectHibernateApplication - Starting SpringBootProjectHibernateApplication using Java 17.0.1 on LIN80033739 with PID 3856 (C:\Users\dthotamc\eclipse-workspace\SpringBootProjectHibernate\target\classes started by dthotamc in C:\Users\dthotamc\eclipse-workspace\SpringBootProjectHibernate)
2022-03-10 14:46:47 [restartedMain]INFO  c.c.s.SpringBootProjectHibernateApplication - No active profile set, falling back to 1 default profile: "default"
2022-03-10 14:46:47 [restartedMain]INFO  o.s.d.r.c.RepositoryConfigurationDelegate - Bootstrapping Spring Data JPA repositories in DEFAULT mode.
2022-03-10 14:46:47 [restartedMain]INFO  o.s.d.r.c.RepositoryConfigurationDelegate - Finished Spring Data repository scanning in 7 ms. Found 1 JPA repository interfaces.
2022-03-10 14:46:47 [restartedMain]INFO  o.s.b.w.e.tomcat.TomcatWebServer - Tomcat initialized with port(s): 8082 (http)
2022-03-10 14:46:47 [restartedMain]INFO  o.a.catalina.core.StandardService - Starting service [Tomcat]
2022-03-10 14:46:47 [restartedMain]INFO  o.a.catalina.core.StandardEngine - Starting Servlet engine: [Apache Tomcat/9.0.58]
2022-03-10 14:46:47 [restartedMain]INFO  o.a.c.c.C.[Tomcat].[localhost].[/] - Initializing Spring embedded WebApplicationContext
2022-03-10 14:46:47 [restartedMain]INFO  o.s.b.w.s.c.ServletWebServerApplicationContext - Root WebApplicationContext: initialization completed in 248 ms
2022-03-10 14:46:47 [restartedMain]INFO  com.zaxxer.hikari.HikariDataSource - HikariPool-3 - Starting...
2022-03-10 14:46:47 [restartedMain]INFO  com.zaxxer.hikari.HikariDataSource - HikariPool-3 - Start completed.
2022-03-10 14:46:47 [restartedMain]INFO  o.s.b.a.h.H2ConsoleAutoConfiguration - H2 console available at '/h2-console'. Database available at 'jdbc:h2:mem:dcbapp'
2022-03-10 14:46:47 [restartedMain]INFO  o.h.jpa.internal.util.LogHelper - HHH000204: Processing PersistenceUnitInfo [name: default]
2022-03-10 14:46:47 [restartedMain]INFO  org.hibernate.dialect.Dialect - HHH000400: Using dialect: org.hibernate.dialect.H2Dialect
2022-03-10 14:46:47 [restartedMain]INFO  o.h.e.t.j.p.i.JtaPlatformInitiator - HHH000490: Using JtaPlatform implementation: [org.hibernate.engine.transaction.jta.platform.internal.NoJtaPlatform]
2022-03-10 14:46:47 [restartedMain]INFO  o.s.o.j.LocalContainerEntityManagerFactoryBean - Initialized JPA EntityManagerFactory for persistence unit 'default'
2022-03-10 14:46:47 [restartedMain]WARN  o.s.b.a.o.j.JpaBaseConfiguration$JpaWebConfiguration - spring.jpa.open-in-view is enabled by default. Therefore, database queries may be performed during view rendering. Explicitly configure spring.jpa.open-in-view to disable this warning
2022-03-10 14:46:48 [restartedMain]INFO  o.s.b.d.a.OptionalLiveReloadServer - LiveReload server is running on port 35729
2022-03-10 14:46:48 [restartedMain]INFO  o.s.b.a.e.web.EndpointLinksResolver - Exposing 1 endpoint(s) beneath base path '/actuator'
2022-03-10 14:46:48 [restartedMain]INFO  o.s.b.w.e.tomcat.TomcatWebServer - Tomcat started on port(s): 8082 (http) with context path ''
2022-03-10 14:46:48 [restartedMain]INFO  c.c.s.SpringBootProjectHibernateApplication - Started SpringBootProjectHibernateApplication in 0.507 seconds (JVM running for 2639.293)
2022-03-10 14:46:48 [restartedMain]INFO  o.s.b.d.a.ConditionEvaluationDeltaLoggingListener - Condition evaluation unchanged
2022-03-10 14:47:19 [restartedMain]INFO  c.c.s.SpringBootProjectHibernateApplication - Starting SpringBootProjectHibernateApplication using Java 17.0.1 on LIN80033739 with PID 24928 (C:\Users\dthotamc\eclipse-workspace\SpringBootProjectHibernate\target\classes started by dthotamc in C:\Users\dthotamc\eclipse-workspace\SpringBootProjectHibernate)
2022-03-10 14:47:19 [restartedMain]INFO  c.c.s.SpringBootProjectHibernateApplication - No active profile set, falling back to 1 default profile: "default"
2022-03-10 14:47:19 [restartedMain]INFO  o.s.b.d.e.DevToolsPropertyDefaultsPostProcessor - Devtools property defaults active! Set 'spring.devtools.add-properties' to 'false' to disable
2022-03-10 14:47:19 [restartedMain]INFO  o.s.b.d.e.DevToolsPropertyDefaultsPostProcessor - For additional web related logging consider setting the 'logging.level.web' property to 'DEBUG'
2022-03-10 14:47:20 [restartedMain]INFO  o.s.d.r.c.RepositoryConfigurationDelegate - Bootstrapping Spring Data JPA repositories in DEFAULT mode.
2022-03-10 14:47:20 [restartedMain]INFO  o.s.d.r.c.RepositoryConfigurationDelegate - Finished Spring Data repository scanning in 48 ms. Found 1 JPA repository interfaces.
2022-03-10 14:47:20 [restartedMain]INFO  o.s.b.w.e.tomcat.TomcatWebServer - Tomcat initialized with port(s): 8082 (http)
2022-03-10 14:47:20 [restartedMain]INFO  o.a.catalina.core.StandardService - Starting service [Tomcat]
2022-03-10 14:47:20 [restartedMain]INFO  o.a.catalina.core.StandardEngine - Starting Servlet engine: [Apache Tomcat/9.0.58]
2022-03-10 14:47:20 [restartedMain]INFO  o.a.c.c.C.[Tomcat].[localhost].[/] - Initializing Spring embedded WebApplicationContext
2022-03-10 14:47:20 [restartedMain]INFO  o.s.b.w.s.c.ServletWebServerApplicationContext - Root WebApplicationContext: initialization completed in 1694 ms
2022-03-10 14:47:20 [restartedMain]INFO  com.zaxxer.hikari.HikariDataSource - HikariPool-1 - Starting...
2022-03-10 14:47:21 [restartedMain]INFO  com.zaxxer.hikari.HikariDataSource - HikariPool-1 - Start completed.
2022-03-10 14:47:21 [restartedMain]INFO  o.s.b.a.h.H2ConsoleAutoConfiguration - H2 console available at '/h2-console'. Database available at 'jdbc:h2:mem:dcbapp'
2022-03-10 14:47:21 [restartedMain]INFO  o.h.jpa.internal.util.LogHelper - HHH000204: Processing PersistenceUnitInfo [name: default]
2022-03-10 14:47:21 [restartedMain]INFO  org.hibernate.Version - HHH000412: Hibernate ORM core version 5.6.5.Final
2022-03-10 14:47:21 [restartedMain]INFO  o.h.annotations.common.Version - HCANN000001: Hibernate Commons Annotations {5.1.2.Final}
2022-03-10 14:47:21 [restartedMain]INFO  org.hibernate.dialect.Dialect - HHH000400: Using dialect: org.hibernate.dialect.H2Dialect
2022-03-10 14:47:21 [restartedMain]INFO  o.h.e.t.j.p.i.JtaPlatformInitiator - HHH000490: Using JtaPlatform implementation: [org.hibernate.engine.transaction.jta.platform.internal.NoJtaPlatform]
2022-03-10 14:47:21 [restartedMain]INFO  o.s.o.j.LocalContainerEntityManagerFactoryBean - Initialized JPA EntityManagerFactory for persistence unit 'default'
2022-03-10 14:47:22 [restartedMain]WARN  o.s.b.a.o.j.JpaBaseConfiguration$JpaWebConfiguration - spring.jpa.open-in-view is enabled by default. Therefore, database queries may be performed during view rendering. Explicitly configure spring.jpa.open-in-view to disable this warning
2022-03-10 14:47:22 [restartedMain]INFO  o.s.b.d.a.OptionalLiveReloadServer - LiveReload server is running on port 35729
2022-03-10 14:47:22 [restartedMain]INFO  o.s.b.a.e.web.EndpointLinksResolver - Exposing 1 endpoint(s) beneath base path '/actuator'
2022-03-10 14:47:22 [restartedMain]INFO  o.s.b.w.e.tomcat.TomcatWebServer - Tomcat started on port(s): 8082 (http) with context path ''
2022-03-10 14:47:22 [restartedMain]INFO  c.c.s.SpringBootProjectHibernateApplication - Started SpringBootProjectHibernateApplication in 3.873 seconds (JVM running for 4.295)
2022-03-10 14:47:31 [http-nio-8082-exec-1]INFO  o.a.c.c.C.[Tomcat].[localhost].[/] - Initializing Spring DispatcherServlet 'dispatcherServlet'
2022-03-10 14:47:31 [http-nio-8082-exec-1]INFO  o.s.web.servlet.DispatcherServlet - Initializing Servlet 'dispatcherServlet'
2022-03-10 14:47:31 [http-nio-8082-exec-1]INFO  o.s.web.servlet.DispatcherServlet - Completed initialization in 0 ms
2022-03-10 14:47:31 [http-nio-8082-exec-1]INFO  c.c.s.c.DepartmentController - Inside fetchDepartmentList of DepartmentController
2022-03-10 14:47:44 [http-nio-8082-exec-3]INFO  c.c.s.c.DepartmentController - Inside saveDepartment of DepartmentController
2022-03-10 14:47:44 [http-nio-8082-exec-3]INFO  c.c.s.service.DepartmentService - Inside saveDepartment of DepartmentService
2022-03-10 14:47:57 [http-nio-8082-exec-4]INFO  c.c.s.c.DepartmentController - Inside saveDepartment of DepartmentController
2022-03-10 14:47:57 [http-nio-8082-exec-4]INFO  c.c.s.service.DepartmentService - Inside saveDepartment of DepartmentService
2022-03-10 14:48:04 [http-nio-8082-exec-5]INFO  c.c.s.c.DepartmentController - Inside fetchDepartmentList of DepartmentController
2022-03-10 14:49:51 [Thread-6]INFO  o.s.o.j.LocalContainerEntityManagerFactoryBean - Closing JPA EntityManagerFactory for persistence unit 'default'
2022-03-10 14:49:51 [Thread-6]INFO  o.h.t.s.i.SchemaDropperImpl$DelayedDropActionImpl - HHH000477: Starting delayed evictData of schema as part of SessionFactory shut-down'
2022-03-10 14:49:52 [Thread-6]WARN  o.s.b.f.s.DisposableBeanAdapter - Invocation of destroy method failed on bean with name 'inMemoryDatabaseShutdownExecutor': org.h2.jdbc.JdbcSQLNonTransientConnectionException: Database is already closed (to disable automatic closing at VM shutdown, add ";DB_CLOSE_ON_EXIT=FALSE" to the db URL) [90121-200]
2022-03-10 14:49:52 [Thread-6]INFO  com.zaxxer.hikari.HikariDataSource - HikariPool-1 - Shutdown initiated...
2022-03-10 14:49:52 [Thread-6]INFO  com.zaxxer.hikari.HikariDataSource - HikariPool-1 - Shutdown completed.
2022-03-10 14:49:52 [restartedMain]INFO  c.c.s.SpringBootProjectHibernateApplication - Starting SpringBootProjectHibernateApplication using Java 17.0.1 on LIN80033739 with PID 24928 (C:\Users\dthotamc\eclipse-workspace\SpringBootProjectHibernate\target\classes started by dthotamc in C:\Users\dthotamc\eclipse-workspace\SpringBootProjectHibernate)
2022-03-10 14:49:52 [restartedMain]INFO  c.c.s.SpringBootProjectHibernateApplication - No active profile set, falling back to 1 default profile: "default"
2022-03-10 14:49:52 [restartedMain]INFO  o.s.d.r.c.RepositoryConfigurationDelegate - Bootstrapping Spring Data JPA repositories in DEFAULT mode.
2022-03-10 14:49:52 [restartedMain]INFO  o.s.d.r.c.RepositoryConfigurationDelegate - Finished Spring Data repository scanning in 8 ms. Found 1 JPA repository interfaces.
2022-03-10 14:49:52 [restartedMain]INFO  o.s.b.w.e.tomcat.TomcatWebServer - Tomcat initialized with port(s): 8082 (http)
2022-03-10 14:49:52 [restartedMain]INFO  o.a.catalina.core.StandardService - Starting service [Tomcat]
2022-03-10 14:49:52 [restartedMain]INFO  o.a.catalina.core.StandardEngine - Starting Servlet engine: [Apache Tomcat/9.0.58]
2022-03-10 14:49:52 [restartedMain]INFO  o.a.c.c.C.[Tomcat].[localhost].[/] - Initializing Spring embedded WebApplicationContext
2022-03-10 14:49:52 [restartedMain]INFO  o.s.b.w.s.c.ServletWebServerApplicationContext - Root WebApplicationContext: initialization completed in 379 ms
2022-03-10 14:49:52 [restartedMain]INFO  com.zaxxer.hikari.HikariDataSource - HikariPool-2 - Starting...
2022-03-10 14:49:52 [restartedMain]INFO  com.zaxxer.hikari.HikariDataSource - HikariPool-2 - Start completed.
2022-03-10 14:49:52 [restartedMain]INFO  o.s.b.a.h.H2ConsoleAutoConfiguration - H2 console available at '/h2-console'. Database available at 'jdbc:h2:mem:dcbapp'
2022-03-10 14:49:52 [restartedMain]INFO  o.h.jpa.internal.util.LogHelper - HHH000204: Processing PersistenceUnitInfo [name: default]
2022-03-10 14:49:52 [restartedMain]INFO  org.hibernate.dialect.Dialect - HHH000400: Using dialect: org.hibernate.dialect.H2Dialect
2022-03-10 14:49:52 [restartedMain]INFO  o.h.e.t.j.p.i.JtaPlatformInitiator - HHH000490: Using JtaPlatform implementation: [org.hibernate.engine.transaction.jta.platform.internal.NoJtaPlatform]
2022-03-10 14:49:52 [restartedMain]INFO  o.s.o.j.LocalContainerEntityManagerFactoryBean - Initialized JPA EntityManagerFactory for persistence unit 'default'
2022-03-10 14:49:52 [restartedMain]WARN  o.s.b.a.o.j.JpaBaseConfiguration$JpaWebConfiguration - spring.jpa.open-in-view is enabled by default. Therefore, database queries may be performed during view rendering. Explicitly configure spring.jpa.open-in-view to disable this warning
2022-03-10 14:49:52 [restartedMain]INFO  o.s.b.d.a.OptionalLiveReloadServer - LiveReload server is running on port 35729
2022-03-10 14:49:52 [restartedMain]INFO  o.s.b.a.e.web.EndpointLinksResolver - Exposing 1 endpoint(s) beneath base path '/actuator'
2022-03-10 14:49:52 [restartedMain]INFO  o.s.b.w.e.tomcat.TomcatWebServer - Tomcat started on port(s): 8082 (http) with context path ''
2022-03-10 14:49:53 [restartedMain]INFO  c.c.s.SpringBootProjectHibernateApplication - Started SpringBootProjectHibernateApplication in 0.798 seconds (JVM running for 154.637)
2022-03-10 14:49:53 [restartedMain]INFO  o.s.b.d.a.ConditionEvaluationDeltaLoggingListener - Condition evaluation unchanged
2022-03-10 14:51:03 [Thread-8]INFO  o.s.o.j.LocalContainerEntityManagerFactoryBean - Closing JPA EntityManagerFactory for persistence unit 'default'
2022-03-10 14:51:03 [Thread-8]INFO  o.h.t.s.i.SchemaDropperImpl$DelayedDropActionImpl - HHH000477: Starting delayed evictData of schema as part of SessionFactory shut-down'
2022-03-10 14:51:04 [Thread-8]WARN  o.s.b.f.s.DisposableBeanAdapter - Invocation of destroy method failed on bean with name 'inMemoryDatabaseShutdownExecutor': org.h2.jdbc.JdbcSQLNonTransientConnectionException: Database is already closed (to disable automatic closing at VM shutdown, add ";DB_CLOSE_ON_EXIT=FALSE" to the db URL) [90121-200]
2022-03-10 14:51:04 [Thread-8]INFO  com.zaxxer.hikari.HikariDataSource - HikariPool-2 - Shutdown initiated...
2022-03-10 14:51:04 [Thread-8]INFO  com.zaxxer.hikari.HikariDataSource - HikariPool-2 - Shutdown completed.
2022-03-10 14:51:04 [restartedMain]INFO  c.c.s.SpringBootProjectHibernateApplication - Starting SpringBootProjectHibernateApplication using Java 17.0.1 on LIN80033739 with PID 24928 (C:\Users\dthotamc\eclipse-workspace\SpringBootProjectHibernate\target\classes started by dthotamc in C:\Users\dthotamc\eclipse-workspace\SpringBootProjectHibernate)
2022-03-10 14:51:04 [restartedMain]INFO  c.c.s.SpringBootProjectHibernateApplication - No active profile set, falling back to 1 default profile: "default"
2022-03-10 14:51:05 [restartedMain]INFO  o.s.d.r.c.RepositoryConfigurationDelegate - Bootstrapping Spring Data JPA repositories in DEFAULT mode.
2022-03-10 14:51:05 [restartedMain]INFO  o.s.d.r.c.RepositoryConfigurationDelegate - Finished Spring Data repository scanning in 29 ms. Found 1 JPA repository interfaces.
2022-03-10 14:51:05 [restartedMain]INFO  o.s.b.w.e.tomcat.TomcatWebServer - Tomcat initialized with port(s): 8082 (http)
2022-03-10 14:51:05 [restartedMain]INFO  o.a.catalina.core.StandardService - Starting service [Tomcat]
2022-03-10 14:51:05 [restartedMain]INFO  o.a.catalina.core.StandardEngine - Starting Servlet engine: [Apache Tomcat/9.0.58]
2022-03-10 14:51:05 [restartedMain]INFO  o.a.c.c.C.[Tomcat].[localhost].[/] - Initializing Spring embedded WebApplicationContext
2022-03-10 14:51:05 [restartedMain]INFO  o.s.b.w.s.c.ServletWebServerApplicationContext - Root WebApplicationContext: initialization completed in 1086 ms
2022-03-10 14:51:05 [restartedMain]INFO  com.zaxxer.hikari.HikariDataSource - HikariPool-3 - Starting...
2022-03-10 14:51:05 [restartedMain]INFO  com.zaxxer.hikari.HikariDataSource - HikariPool-3 - Start completed.
2022-03-10 14:51:05 [restartedMain]INFO  o.s.b.a.h.H2ConsoleAutoConfiguration - H2 console available at '/h2-console'. Database available at 'jdbc:h2:mem:dcbapp'
2022-03-10 14:51:05 [restartedMain]INFO  o.h.jpa.internal.util.LogHelper - HHH000204: Processing PersistenceUnitInfo [name: default]
2022-03-10 14:51:05 [restartedMain]INFO  org.hibernate.dialect.Dialect - HHH000400: Using dialect: org.hibernate.dialect.H2Dialect
2022-03-10 14:51:05 [restartedMain]INFO  o.h.e.t.j.p.i.JtaPlatformInitiator - HHH000490: Using JtaPlatform implementation: [org.hibernate.engine.transaction.jta.platform.internal.NoJtaPlatform]
2022-03-10 14:51:05 [restartedMain]INFO  o.s.o.j.LocalContainerEntityManagerFactoryBean - Initialized JPA EntityManagerFactory for persistence unit 'default'
2022-03-10 14:51:06 [restartedMain]WARN  o.s.b.a.o.j.JpaBaseConfiguration$JpaWebConfiguration - spring.jpa.open-in-view is enabled by default. Therefore, database queries may be performed during view rendering. Explicitly configure spring.jpa.open-in-view to disable this warning
2022-03-10 14:51:06 [restartedMain]INFO  o.s.b.d.a.OptionalLiveReloadServer - LiveReload server is running on port 35729
2022-03-10 14:51:06 [restartedMain]INFO  o.s.b.a.e.web.EndpointLinksResolver - Exposing 1 endpoint(s) beneath base path '/actuator'
2022-03-10 14:51:06 [restartedMain]INFO  o.s.b.w.e.tomcat.TomcatWebServer - Tomcat started on port(s): 8082 (http) with context path ''
2022-03-10 14:51:06 [restartedMain]INFO  c.c.s.SpringBootProjectHibernateApplication - Started SpringBootProjectHibernateApplication in 2.045 seconds (JVM running for 227.987)
2022-03-10 14:51:06 [restartedMain]INFO  o.s.b.d.a.ConditionEvaluationDeltaLoggingListener - Condition evaluation unchanged
2022-03-10 14:51:34 [Thread-12]INFO  o.s.o.j.LocalContainerEntityManagerFactoryBean - Closing JPA EntityManagerFactory for persistence unit 'default'
2022-03-10 14:51:34 [Thread-12]INFO  o.h.t.s.i.SchemaDropperImpl$DelayedDropActionImpl - HHH000477: Starting delayed evictData of schema as part of SessionFactory shut-down'
2022-03-10 14:51:34 [Thread-12]WARN  o.s.b.f.s.DisposableBeanAdapter - Invocation of destroy method failed on bean with name 'inMemoryDatabaseShutdownExecutor': org.h2.jdbc.JdbcSQLNonTransientConnectionException: Database is already closed (to disable automatic closing at VM shutdown, add ";DB_CLOSE_ON_EXIT=FALSE" to the db URL) [90121-200]
2022-03-10 14:51:34 [Thread-12]INFO  com.zaxxer.hikari.HikariDataSource - HikariPool-3 - Shutdown initiated...
2022-03-10 14:51:34 [Thread-12]INFO  com.zaxxer.hikari.HikariDataSource - HikariPool-3 - Shutdown completed.
2022-03-10 14:51:34 [restartedMain]INFO  c.c.s.SpringBootProjectHibernateApplication - Starting SpringBootProjectHibernateApplication using Java 17.0.1 on LIN80033739 with PID 24928 (C:\Users\dthotamc\eclipse-workspace\SpringBootProjectHibernate\target\classes started by dthotamc in C:\Users\dthotamc\eclipse-workspace\SpringBootProjectHibernate)
2022-03-10 14:51:34 [restartedMain]INFO  c.c.s.SpringBootProjectHibernateApplication - No active profile set, falling back to 1 default profile: "default"
2022-03-10 14:51:35 [restartedMain]INFO  o.s.d.r.c.RepositoryConfigurationDelegate - Bootstrapping Spring Data JPA repositories in DEFAULT mode.
2022-03-10 14:51:35 [restartedMain]INFO  o.s.d.r.c.RepositoryConfigurationDelegate - Finished Spring Data repository scanning in 20 ms. Found 1 JPA repository interfaces.
2022-03-10 14:51:35 [restartedMain]INFO  o.s.b.w.e.tomcat.TomcatWebServer - Tomcat initialized with port(s): 8082 (http)
2022-03-10 14:51:35 [restartedMain]INFO  o.a.catalina.core.StandardService - Starting service [Tomcat]
2022-03-10 14:51:35 [restartedMain]INFO  o.a.catalina.core.StandardEngine - Starting Servlet engine: [Apache Tomcat/9.0.58]
2022-03-10 14:51:35 [restartedMain]INFO  o.a.c.c.C.[Tomcat].[localhost].[/] - Initializing Spring embedded WebApplicationContext
2022-03-10 14:51:35 [restartedMain]INFO  o.s.b.w.s.c.ServletWebServerApplicationContext - Root WebApplicationContext: initialization completed in 758 ms
2022-03-10 14:51:35 [restartedMain]INFO  com.zaxxer.hikari.HikariDataSource - HikariPool-4 - Starting...
2022-03-10 14:51:35 [restartedMain]INFO  com.zaxxer.hikari.HikariDataSource - HikariPool-4 - Start completed.
2022-03-10 14:51:35 [restartedMain]INFO  o.s.b.a.h.H2ConsoleAutoConfiguration - H2 console available at '/h2-console'. Database available at 'jdbc:h2:mem:dcbapp'
2022-03-10 14:51:35 [restartedMain]INFO  o.h.jpa.internal.util.LogHelper - HHH000204: Processing PersistenceUnitInfo [name: default]
2022-03-10 14:51:35 [restartedMain]INFO  org.hibernate.dialect.Dialect - HHH000400: Using dialect: org.hibernate.dialect.H2Dialect
2022-03-10 14:51:35 [restartedMain]INFO  o.h.e.t.j.p.i.JtaPlatformInitiator - HHH000490: Using JtaPlatform implementation: [org.hibernate.engine.transaction.jta.platform.internal.NoJtaPlatform]
2022-03-10 14:51:35 [restartedMain]INFO  o.s.o.j.LocalContainerEntityManagerFactoryBean - Initialized JPA EntityManagerFactory for persistence unit 'default'
2022-03-10 14:51:35 [restartedMain]WARN  o.s.b.a.o.j.JpaBaseConfiguration$JpaWebConfiguration - spring.jpa.open-in-view is enabled by default. Therefore, database queries may be performed during view rendering. Explicitly configure spring.jpa.open-in-view to disable this warning
2022-03-10 14:51:35 [restartedMain]INFO  o.s.b.d.a.OptionalLiveReloadServer - LiveReload server is running on port 35729
2022-03-10 14:51:35 [restartedMain]INFO  o.s.b.a.e.web.EndpointLinksResolver - Exposing 1 endpoint(s) beneath base path '/actuator'
2022-03-10 14:51:36 [restartedMain]INFO  o.s.b.w.e.tomcat.TomcatWebServer - Tomcat started on port(s): 8082 (http) with context path ''
2022-03-10 14:51:36 [restartedMain]INFO  c.c.s.SpringBootProjectHibernateApplication - Started SpringBootProjectHibernateApplication in 1.339 seconds (JVM running for 257.669)
2022-03-10 14:51:36 [restartedMain]INFO  o.s.b.d.a.ConditionEvaluationDeltaLoggingListener - Condition evaluation unchanged
2022-03-10 14:51:48 [Thread-16]INFO  o.s.o.j.LocalContainerEntityManagerFactoryBean - Closing JPA EntityManagerFactory for persistence unit 'default'
2022-03-10 14:51:48 [Thread-16]INFO  o.h.t.s.i.SchemaDropperImpl$DelayedDropActionImpl - HHH000477: Starting delayed evictData of schema as part of SessionFactory shut-down'
2022-03-10 14:51:48 [Thread-16]WARN  o.s.b.f.s.DisposableBeanAdapter - Invocation of destroy method failed on bean with name 'inMemoryDatabaseShutdownExecutor': org.h2.jdbc.JdbcSQLNonTransientConnectionException: Database is already closed (to disable automatic closing at VM shutdown, add ";DB_CLOSE_ON_EXIT=FALSE" to the db URL) [90121-200]
2022-03-10 14:51:48 [Thread-16]INFO  com.zaxxer.hikari.HikariDataSource - HikariPool-4 - Shutdown initiated...
2022-03-10 14:51:48 [Thread-16]INFO  com.zaxxer.hikari.HikariDataSource - HikariPool-4 - Shutdown completed.
2022-03-10 14:51:49 [restartedMain]INFO  c.c.s.SpringBootProjectHibernateApplication - Starting SpringBootProjectHibernateApplication using Java 17.0.1 on LIN80033739 with PID 24928 (C:\Users\dthotamc\eclipse-workspace\SpringBootProjectHibernate\target\classes started by dthotamc in C:\Users\dthotamc\eclipse-workspace\SpringBootProjectHibernate)
2022-03-10 14:51:49 [restartedMain]INFO  c.c.s.SpringBootProjectHibernateApplication - No active profile set, falling back to 1 default profile: "default"
2022-03-10 14:51:49 [restartedMain]INFO  o.s.d.r.c.RepositoryConfigurationDelegate - Bootstrapping Spring Data JPA repositories in DEFAULT mode.
2022-03-10 14:51:49 [restartedMain]INFO  o.s.d.r.c.RepositoryConfigurationDelegate - Finished Spring Data repository scanning in 17 ms. Found 1 JPA repository interfaces.
2022-03-10 14:51:49 [restartedMain]INFO  o.s.b.w.e.tomcat.TomcatWebServer - Tomcat initialized with port(s): 8082 (http)
2022-03-10 14:51:49 [restartedMain]INFO  o.a.catalina.core.StandardService - Starting service [Tomcat]
2022-03-10 14:51:49 [restartedMain]INFO  o.a.catalina.core.StandardEngine - Starting Servlet engine: [Apache Tomcat/9.0.58]
2022-03-10 14:51:49 [restartedMain]INFO  o.a.c.c.C.[Tomcat].[localhost].[/] - Initializing Spring embedded WebApplicationContext
2022-03-10 14:51:49 [restartedMain]INFO  o.s.b.w.s.c.ServletWebServerApplicationContext - Root WebApplicationContext: initialization completed in 646 ms
2022-03-10 14:51:49 [restartedMain]INFO  com.zaxxer.hikari.HikariDataSource - HikariPool-5 - Starting...
2022-03-10 14:51:49 [restartedMain]INFO  com.zaxxer.hikari.HikariDataSource - HikariPool-5 - Start completed.
2022-03-10 14:51:49 [restartedMain]INFO  o.s.b.a.h.H2ConsoleAutoConfiguration - H2 console available at '/h2-console'. Database available at 'jdbc:h2:mem:dcbapp'
2022-03-10 14:51:49 [restartedMain]INFO  o.h.jpa.internal.util.LogHelper - HHH000204: Processing PersistenceUnitInfo [name: default]
2022-03-10 14:51:49 [restartedMain]INFO  org.hibernate.dialect.Dialect - HHH000400: Using dialect: org.hibernate.dialect.H2Dialect
2022-03-10 14:51:49 [restartedMain]INFO  o.h.e.t.j.p.i.JtaPlatformInitiator - HHH000490: Using JtaPlatform implementation: [org.hibernate.engine.transaction.jta.platform.internal.NoJtaPlatform]
2022-03-10 14:51:49 [restartedMain]INFO  o.s.o.j.LocalContainerEntityManagerFactoryBean - Initialized JPA EntityManagerFactory for persistence unit 'default'
2022-03-10 14:51:50 [restartedMain]WARN  o.s.b.a.o.j.JpaBaseConfiguration$JpaWebConfiguration - spring.jpa.open-in-view is enabled by default. Therefore, database queries may be performed during view rendering. Explicitly configure spring.jpa.open-in-view to disable this warning
2022-03-10 14:51:50 [restartedMain]INFO  o.s.b.d.a.OptionalLiveReloadServer - LiveReload server is running on port 35729
2022-03-10 14:51:50 [restartedMain]INFO  o.s.b.a.e.web.EndpointLinksResolver - Exposing 1 endpoint(s) beneath base path '/actuator'
2022-03-10 14:51:50 [restartedMain]INFO  o.s.b.w.e.tomcat.TomcatWebServer - Tomcat started on port(s): 8082 (http) with context path ''
2022-03-10 14:51:50 [restartedMain]INFO  c.c.s.SpringBootProjectHibernateApplication - Started SpringBootProjectHibernateApplication in 1.257 seconds (JVM running for 271.906)
2022-03-10 14:51:50 [restartedMain]INFO  o.s.b.d.a.ConditionEvaluationDeltaLoggingListener - Condition evaluation unchanged
2022-03-10 14:52:35 [Thread-20]INFO  o.s.o.j.LocalContainerEntityManagerFactoryBean - Closing JPA EntityManagerFactory for persistence unit 'default'
2022-03-10 14:52:35 [Thread-20]INFO  o.h.t.s.i.SchemaDropperImpl$DelayedDropActionImpl - HHH000477: Starting delayed evictData of schema as part of SessionFactory shut-down'
2022-03-10 14:52:35 [Thread-20]WARN  o.s.b.f.s.DisposableBeanAdapter - Invocation of destroy method failed on bean with name 'inMemoryDatabaseShutdownExecutor': org.h2.jdbc.JdbcSQLNonTransientConnectionException: Database is already closed (to disable automatic closing at VM shutdown, add ";DB_CLOSE_ON_EXIT=FALSE" to the db URL) [90121-200]
2022-03-10 14:52:35 [Thread-20]INFO  com.zaxxer.hikari.HikariDataSource - HikariPool-5 - Shutdown initiated...
2022-03-10 14:52:35 [Thread-20]INFO  com.zaxxer.hikari.HikariDataSource - HikariPool-5 - Shutdown completed.
2022-03-10 14:52:36 [restartedMain]INFO  c.c.s.SpringBootProjectHibernateApplication - Starting SpringBootProjectHibernateApplication using Java 17.0.1 on LIN80033739 with PID 24928 (C:\Users\dthotamc\eclipse-workspace\SpringBootProjectHibernate\target\classes started by dthotamc in C:\Users\dthotamc\eclipse-workspace\SpringBootProjectHibernate)
2022-03-10 14:52:36 [restartedMain]INFO  c.c.s.SpringBootProjectHibernateApplication - No active profile set, falling back to 1 default profile: "default"
2022-03-10 14:53:00 [restartedMain]INFO  c.c.s.SpringBootProjectHibernateApplication - Starting SpringBootProjectHibernateApplication using Java 17.0.1 on LIN80033739 with PID 14192 (C:\Users\dthotamc\eclipse-workspace\SpringBootProjectHibernate\target\classes started by dthotamc in C:\Users\dthotamc\eclipse-workspace\SpringBootProjectHibernate)
2022-03-10 14:53:00 [restartedMain]INFO  c.c.s.SpringBootProjectHibernateApplication - No active profile set, falling back to 1 default profile: "default"
2022-03-10 14:53:00 [restartedMain]INFO  o.s.b.d.e.DevToolsPropertyDefaultsPostProcessor - Devtools property defaults active! Set 'spring.devtools.add-properties' to 'false' to disable
2022-03-10 14:53:00 [restartedMain]INFO  o.s.b.d.e.DevToolsPropertyDefaultsPostProcessor - For additional web related logging consider setting the 'logging.level.web' property to 'DEBUG'
2022-03-10 14:53:02 [restartedMain]INFO  o.s.d.r.c.RepositoryConfigurationDelegate - Bootstrapping Spring Data JPA repositories in DEFAULT mode.
2022-03-10 14:53:02 [restartedMain]INFO  o.s.d.r.c.RepositoryConfigurationDelegate - Finished Spring Data repository scanning in 69 ms. Found 1 JPA repository interfaces.
2022-03-10 14:53:03 [restartedMain]INFO  o.s.b.w.e.tomcat.TomcatWebServer - Tomcat initialized with port(s): 8082 (http)
2022-03-10 14:53:03 [restartedMain]INFO  o.a.catalina.core.StandardService - Starting service [Tomcat]
2022-03-10 14:53:03 [restartedMain]INFO  o.a.catalina.core.StandardEngine - Starting Servlet engine: [Apache Tomcat/9.0.58]
2022-03-10 14:53:03 [restartedMain]INFO  o.a.c.c.C.[Tomcat].[localhost].[/] - Initializing Spring embedded WebApplicationContext
2022-03-10 14:53:03 [restartedMain]INFO  o.s.b.w.s.c.ServletWebServerApplicationContext - Root WebApplicationContext: initialization completed in 3191 ms
2022-03-10 14:53:04 [restartedMain]INFO  com.zaxxer.hikari.HikariDataSource - HikariPool-1 - Starting...
2022-03-10 14:53:04 [restartedMain]INFO  com.zaxxer.hikari.HikariDataSource - HikariPool-1 - Start completed.
2022-03-10 14:53:04 [restartedMain]INFO  o.s.b.a.h.H2ConsoleAutoConfiguration - H2 console available at '/h2-console'. Database available at 'jdbc:h2:mem:dcbapp'
2022-03-10 14:53:04 [restartedMain]INFO  o.h.jpa.internal.util.LogHelper - HHH000204: Processing PersistenceUnitInfo [name: default]
2022-03-10 14:53:05 [restartedMain]INFO  org.hibernate.Version - HHH000412: Hibernate ORM core version 5.6.5.Final
2022-03-10 14:53:05 [restartedMain]INFO  o.h.annotations.common.Version - HCANN000001: Hibernate Commons Annotations {5.1.2.Final}
2022-03-10 14:53:05 [restartedMain]INFO  org.hibernate.dialect.Dialect - HHH000400: Using dialect: org.hibernate.dialect.H2Dialect
2022-03-10 14:53:06 [restartedMain]INFO  o.h.e.t.j.p.i.JtaPlatformInitiator - HHH000490: Using JtaPlatform implementation: [org.hibernate.engine.transaction.jta.platform.internal.NoJtaPlatform]
2022-03-10 14:53:06 [restartedMain]INFO  o.s.o.j.LocalContainerEntityManagerFactoryBean - Initialized JPA EntityManagerFactory for persistence unit 'default'
2022-03-10 14:53:07 [restartedMain]WARN  o.s.b.a.o.j.JpaBaseConfiguration$JpaWebConfiguration - spring.jpa.open-in-view is enabled by default. Therefore, database queries may be performed during view rendering. Explicitly configure spring.jpa.open-in-view to disable this warning
2022-03-10 14:53:08 [restartedMain]INFO  o.s.b.d.a.OptionalLiveReloadServer - LiveReload server is running on port 35729
2022-03-10 14:53:08 [restartedMain]INFO  o.s.b.a.e.web.EndpointLinksResolver - Exposing 1 endpoint(s) beneath base path '/actuator'
2022-03-10 14:53:08 [restartedMain]INFO  o.s.b.w.e.tomcat.TomcatWebServer - Tomcat started on port(s): 8082 (http) with context path ''
2022-03-10 14:53:08 [restartedMain]INFO  c.c.s.SpringBootProjectHibernateApplication - Started SpringBootProjectHibernateApplication in 8.785 seconds (JVM running for 10.173)
2022-03-10 14:53:16 [http-nio-8082-exec-1]INFO  o.a.c.c.C.[Tomcat].[localhost].[/] - Initializing Spring DispatcherServlet 'dispatcherServlet'
2022-03-10 14:53:16 [http-nio-8082-exec-1]INFO  o.s.web.servlet.DispatcherServlet - Initializing Servlet 'dispatcherServlet'
2022-03-10 14:53:16 [http-nio-8082-exec-1]INFO  o.s.web.servlet.DispatcherServlet - Completed initialization in 4 ms
2022-03-10 14:53:16 [http-nio-8082-exec-1]INFO  c.c.s.c.DepartmentController - Inside fetchDepartmentList of DepartmentController
2022-03-10 14:53:23 [http-nio-8082-exec-3]INFO  c.c.s.c.DepartmentController - Inside saveDepartment of DepartmentController
2022-03-10 14:53:23 [http-nio-8082-exec-3]INFO  c.c.s.service.DepartmentService - Inside saveDepartment of DepartmentService
2022-03-10 14:53:34 [http-nio-8082-exec-4]INFO  c.c.s.c.DepartmentController - Inside saveDepartment of DepartmentController
2022-03-10 14:53:34 [http-nio-8082-exec-4]INFO  c.c.s.service.DepartmentService - Inside saveDepartment of DepartmentService
2022-03-10 14:53:42 [http-nio-8082-exec-5]INFO  c.c.s.c.DepartmentController - Inside saveDepartment of DepartmentController
2022-03-10 14:53:42 [http-nio-8082-exec-5]INFO  c.c.s.service.DepartmentService - Inside saveDepartment of DepartmentService
2022-03-10 14:53:49 [http-nio-8082-exec-6]INFO  c.c.s.c.DepartmentController - Inside saveDepartment of DepartmentController
2022-03-10 14:53:49 [http-nio-8082-exec-6]INFO  c.c.s.service.DepartmentService - Inside saveDepartment of DepartmentService
2022-03-10 14:53:57 [http-nio-8082-exec-7]INFO  c.c.s.c.DepartmentController - Inside fetchDepartmentList of DepartmentController
2022-03-10 14:54:19 [http-nio-8082-exec-8]INFO  c.c.s.service.DepartmentService - Inside updateDepartment of DepartmentService
2022-03-10 14:55:59 [Thread-6]INFO  o.s.o.j.LocalContainerEntityManagerFactoryBean - Closing JPA EntityManagerFactory for persistence unit 'default'
2022-03-10 14:55:59 [Thread-6]INFO  o.h.t.s.i.SchemaDropperImpl$DelayedDropActionImpl - HHH000477: Starting delayed evictData of schema as part of SessionFactory shut-down'
2022-03-10 14:55:59 [Thread-6]WARN  o.s.b.f.s.DisposableBeanAdapter - Invocation of destroy method failed on bean with name 'inMemoryDatabaseShutdownExecutor': org.h2.jdbc.JdbcSQLNonTransientConnectionException: Database is already closed (to disable automatic closing at VM shutdown, add ";DB_CLOSE_ON_EXIT=FALSE" to the db URL) [90121-200]
2022-03-10 14:55:59 [Thread-6]INFO  com.zaxxer.hikari.HikariDataSource - HikariPool-1 - Shutdown initiated...
2022-03-10 14:55:59 [Thread-6]INFO  com.zaxxer.hikari.HikariDataSource - HikariPool-1 - Shutdown completed.
2022-03-10 14:56:00 [restartedMain]INFO  c.c.s.SpringBootProjectHibernateApplication - Starting SpringBootProjectHibernateApplication using Java 17.0.1 on LIN80033739 with PID 14192 (C:\Users\dthotamc\eclipse-workspace\SpringBootProjectHibernate\target\classes started by dthotamc in C:\Users\dthotamc\eclipse-workspace\SpringBootProjectHibernate)
2022-03-10 14:56:00 [restartedMain]INFO  c.c.s.SpringBootProjectHibernateApplication - No active profile set, falling back to 1 default profile: "default"
2022-03-10 14:56:01 [restartedMain]INFO  o.s.d.r.c.RepositoryConfigurationDelegate - Bootstrapping Spring Data JPA repositories in DEFAULT mode.
2022-03-10 14:56:01 [restartedMain]INFO  o.s.d.r.c.RepositoryConfigurationDelegate - Finished Spring Data repository scanning in 24 ms. Found 1 JPA repository interfaces.
2022-03-10 14:56:01 [restartedMain]INFO  o.s.b.w.e.tomcat.TomcatWebServer - Tomcat initialized with port(s): 8082 (http)
2022-03-10 14:56:01 [restartedMain]INFO  o.a.catalina.core.StandardService - Starting service [Tomcat]
2022-03-10 14:56:01 [restartedMain]INFO  o.a.catalina.core.StandardEngine - Starting Servlet engine: [Apache Tomcat/9.0.58]
2022-03-10 14:56:01 [restartedMain]INFO  o.a.c.c.C.[Tomcat].[localhost].[/] - Initializing Spring embedded WebApplicationContext
2022-03-10 14:56:01 [restartedMain]INFO  o.s.b.w.s.c.ServletWebServerApplicationContext - Root WebApplicationContext: initialization completed in 1353 ms
2022-03-10 14:56:01 [restartedMain]INFO  com.zaxxer.hikari.HikariDataSource - HikariPool-2 - Starting...
2022-03-10 14:56:01 [restartedMain]INFO  com.zaxxer.hikari.HikariDataSource - HikariPool-2 - Start completed.
2022-03-10 14:56:01 [restartedMain]INFO  o.s.b.a.h.H2ConsoleAutoConfiguration - H2 console available at '/h2-console'. Database available at 'jdbc:h2:mem:dcbapp'
2022-03-10 14:56:01 [restartedMain]INFO  o.h.jpa.internal.util.LogHelper - HHH000204: Processing PersistenceUnitInfo [name: default]
2022-03-10 14:56:01 [restartedMain]INFO  org.hibernate.dialect.Dialect - HHH000400: Using dialect: org.hibernate.dialect.H2Dialect
2022-03-10 14:56:01 [restartedMain]INFO  o.h.e.t.j.p.i.JtaPlatformInitiator - HHH000490: Using JtaPlatform implementation: [org.hibernate.engine.transaction.jta.platform.internal.NoJtaPlatform]
2022-03-10 14:56:01 [restartedMain]INFO  o.s.o.j.LocalContainerEntityManagerFactoryBean - Initialized JPA EntityManagerFactory for persistence unit 'default'
2022-03-10 14:56:02 [restartedMain]WARN  o.s.b.a.o.j.JpaBaseConfiguration$JpaWebConfiguration - spring.jpa.open-in-view is enabled by default. Therefore, database queries may be performed during view rendering. Explicitly configure spring.jpa.open-in-view to disable this warning
2022-03-10 14:56:02 [restartedMain]INFO  o.s.b.d.a.OptionalLiveReloadServer - LiveReload server is running on port 35729
2022-03-10 14:56:02 [restartedMain]INFO  o.s.b.a.e.web.EndpointLinksResolver - Exposing 1 endpoint(s) beneath base path '/actuator'
2022-03-10 14:56:02 [restartedMain]INFO  o.s.b.w.e.tomcat.TomcatWebServer - Tomcat started on port(s): 8082 (http) with context path ''
2022-03-10 14:56:02 [restartedMain]INFO  c.c.s.SpringBootProjectHibernateApplication - Started SpringBootProjectHibernateApplication in 2.315 seconds (JVM running for 183.965)
2022-03-10 14:56:02 [restartedMain]INFO  o.s.b.d.a.ConditionEvaluationDeltaLoggingListener - Condition evaluation unchanged
2022-03-10 14:56:18 [http-nio-8082-exec-2]INFO  o.a.c.c.C.[Tomcat].[localhost].[/] - Initializing Spring DispatcherServlet 'dispatcherServlet'
2022-03-10 14:56:18 [http-nio-8082-exec-2]INFO  o.s.web.servlet.DispatcherServlet - Initializing Servlet 'dispatcherServlet'
2022-03-10 14:56:18 [http-nio-8082-exec-2]INFO  o.s.web.servlet.DispatcherServlet - Completed initialization in 2 ms
2022-03-10 14:56:18 [http-nio-8082-exec-2]INFO  c.c.s.service.DepartmentService - Inside deleteDepartment of DepartmentService
2022-03-10 14:56:18 [http-nio-8082-exec-2]ERROR o.a.c.c.C.[.[.[.[dispatcherServlet] - Servlet.service() for servlet [dispatcherServlet] in context with path [] threw exception [Request processing failed; nested exception is org.springframework.dao.EmptyResultDataAccessException: No class com.capgemini.springboot.entity.Department entity with id 2 exists!] with root cause
org.springframework.dao.EmptyResultDataAccessException: No class com.capgemini.springboot.entity.Department entity with id 2 exists!
	at org.springframework.data.jpa.repository.support.SimpleJpaRepository.lambda$deleteById$0(SimpleJpaRepository.java:169) ~[spring-data-jpa-2.6.2.jar:2.6.2]
	at java.base/java.util.Optional.orElseThrow(Optional.java:403) ~[na:na]
	at org.springframework.data.jpa.repository.support.SimpleJpaRepository.deleteById(SimpleJpaRepository.java:168) ~[spring-data-jpa-2.6.2.jar:2.6.2]
	at java.base/jdk.internal.reflect.NativeMethodAccessorImpl.invoke0(Native Method) ~[na:na]
	at java.base/jdk.internal.reflect.NativeMethodAccessorImpl.invoke(NativeMethodAccessorImpl.java:77) ~[na:na]
	at java.base/jdk.internal.reflect.DelegatingMethodAccessorImpl.invoke(DelegatingMethodAccessorImpl.java:43) ~[na:na]
	at java.base/java.lang.reflect.Method.invoke(Method.java:568) ~[na:na]
	at org.springframework.data.repository.core.support.RepositoryMethodInvoker$RepositoryFragmentMethodInvoker.lambda$new$0(RepositoryMethodInvoker.java:289) ~[spring-data-commons-2.6.2.jar:2.6.2]
	at org.springframework.data.repository.core.support.RepositoryMethodInvoker.doInvoke(RepositoryMethodInvoker.java:137) ~[spring-data-commons-2.6.2.jar:2.6.2]
	at org.springframework.data.repository.core.support.RepositoryMethodInvoker.invoke(RepositoryMethodInvoker.java:121) ~[spring-data-commons-2.6.2.jar:2.6.2]
	at org.springframework.data.repository.core.support.RepositoryComposition$RepositoryFragments.invoke(RepositoryComposition.java:529) ~[spring-data-commons-2.6.2.jar:2.6.2]
	at org.springframework.data.repository.core.support.RepositoryComposition.invoke(RepositoryComposition.java:285) ~[spring-data-commons-2.6.2.jar:2.6.2]
	at org.springframework.data.repository.core.support.RepositoryFactorySupport$ImplementationMethodExecutionInterceptor.invoke(RepositoryFactorySupport.java:639) ~[spring-data-commons-2.6.2.jar:2.6.2]
	at org.springframework.aop.framework.ReflectiveMethodInvocation.proceed(ReflectiveMethodInvocation.java:186) ~[spring-aop-5.3.16.jar:5.3.16]
	at org.springframework.data.repository.core.support.QueryExecutorMethodInterceptor.doInvoke(QueryExecutorMethodInterceptor.java:163) ~[spring-data-commons-2.6.2.jar:2.6.2]
	at org.springframework.data.repository.core.support.QueryExecutorMethodInterceptor.invoke(QueryExecutorMethodInterceptor.java:138) ~[spring-data-commons-2.6.2.jar:2.6.2]
	at org.springframework.aop.framework.ReflectiveMethodInvocation.proceed(ReflectiveMethodInvocation.java:186) ~[spring-aop-5.3.16.jar:5.3.16]
	at org.springframework.data.projection.DefaultMethodInvokingMethodInterceptor.invoke(DefaultMethodInvokingMethodInterceptor.java:80) ~[spring-data-commons-2.6.2.jar:2.6.2]
	at org.springframework.aop.framework.ReflectiveMethodInvocation.proceed(ReflectiveMethodInvocation.java:186) ~[spring-aop-5.3.16.jar:5.3.16]
	at org.springframework.transaction.interceptor.TransactionInterceptor$1.proceedWithInvocation(TransactionInterceptor.java:123) ~[spring-tx-5.3.16.jar:5.3.16]
	at org.springframework.transaction.interceptor.TransactionAspectSupport.invokeWithinTransaction(TransactionAspectSupport.java:388) ~[spring-tx-5.3.16.jar:5.3.16]
	at org.springframework.transaction.interceptor.TransactionInterceptor.invoke(TransactionInterceptor.java:119) ~[spring-tx-5.3.16.jar:5.3.16]
	at org.springframework.aop.framework.ReflectiveMethodInvocation.proceed(ReflectiveMethodInvocation.java:186) ~[spring-aop-5.3.16.jar:5.3.16]
	at org.springframework.dao.support.PersistenceExceptionTranslationInterceptor.invoke(PersistenceExceptionTranslationInterceptor.java:137) ~[spring-tx-5.3.16.jar:5.3.16]
	at org.springframework.aop.framework.ReflectiveMethodInvocation.proceed(ReflectiveMethodInvocation.java:186) ~[spring-aop-5.3.16.jar:5.3.16]
	at org.springframework.data.jpa.repository.support.CrudMethodMetadataPostProcessor$CrudMethodMetadataPopulatingMethodInterceptor.invoke(CrudMethodMetadataPostProcessor.java:174) ~[spring-data-jpa-2.6.2.jar:2.6.2]
	at org.springframework.aop.framework.ReflectiveMethodInvocation.proceed(ReflectiveMethodInvocation.java:186) ~[spring-aop-5.3.16.jar:5.3.16]
	at org.springframework.aop.interceptor.ExposeInvocationInterceptor.invoke(ExposeInvocationInterceptor.java:97) ~[spring-aop-5.3.16.jar:5.3.16]
	at org.springframework.aop.framework.ReflectiveMethodInvocation.proceed(ReflectiveMethodInvocation.java:186) ~[spring-aop-5.3.16.jar:5.3.16]
	at org.springframework.aop.framework.JdkDynamicAopProxy.invoke(JdkDynamicAopProxy.java:215) ~[spring-aop-5.3.16.jar:5.3.16]
	at jdk.proxy5/jdk.proxy5.$Proxy143.deleteById(Unknown Source) ~[na:na]
	at com.capgemini.springboot.service.DepartmentServiceImpl.deleteDepartmentById(DepartmentServiceImpl.java:53) ~[classes/:na]
	at com.capgemini.springboot.controller.DepartmentController.deleteDepartmentById(DepartmentController.java:44) ~[classes/:na]
	at java.base/jdk.internal.reflect.NativeMethodAccessorImpl.invoke0(Native Method) ~[na:na]
	at java.base/jdk.internal.reflect.NativeMethodAccessorImpl.invoke(NativeMethodAccessorImpl.java:77) ~[na:na]
	at java.base/jdk.internal.reflect.DelegatingMethodAccessorImpl.invoke(DelegatingMethodAccessorImpl.java:43) ~[na:na]
	at java.base/java.lang.reflect.Method.invoke(Method.java:568) ~[na:na]
	at org.springframework.web.method.support.InvocableHandlerMethod.doInvoke(InvocableHandlerMethod.java:205) ~[spring-web-5.3.16.jar:5.3.16]
	at org.springframework.web.method.support.InvocableHandlerMethod.invokeForRequest(InvocableHandlerMethod.java:150) ~[spring-web-5.3.16.jar:5.3.16]
	at org.springframework.web.servlet.mvc.method.annotation.ServletInvocableHandlerMethod.invokeAndHandle(ServletInvocableHandlerMethod.java:117) ~[spring-webmvc-5.3.16.jar:5.3.16]
	at org.springframework.web.servlet.mvc.method.annotation.RequestMappingHandlerAdapter.invokeHandlerMethod(RequestMappingHandlerAdapter.java:895) ~[spring-webmvc-5.3.16.jar:5.3.16]
	at org.springframework.web.servlet.mvc.method.annotation.RequestMappingHandlerAdapter.handleInternal(RequestMappingHandlerAdapter.java:808) ~[spring-webmvc-5.3.16.jar:5.3.16]
	at org.springframework.web.servlet.mvc.method.AbstractHandlerMethodAdapter.handle(AbstractHandlerMethodAdapter.java:87) ~[spring-webmvc-5.3.16.jar:5.3.16]
	at org.springframework.web.servlet.DispatcherServlet.doDispatch(DispatcherServlet.java:1067) ~[spring-webmvc-5.3.16.jar:5.3.16]
	at org.springframework.web.servlet.DispatcherServlet.doService(DispatcherServlet.java:963) ~[spring-webmvc-5.3.16.jar:5.3.16]
	at org.springframework.web.servlet.FrameworkServlet.processRequest(FrameworkServlet.java:1006) ~[spring-webmvc-5.3.16.jar:5.3.16]
	at org.springframework.web.servlet.FrameworkServlet.doDelete(FrameworkServlet.java:931) ~[spring-webmvc-5.3.16.jar:5.3.16]
	at javax.servlet.http.HttpServlet.service(HttpServlet.java:687) ~[tomcat-embed-core-9.0.58.jar:4.0.FR]
	at org.springframework.web.servlet.FrameworkServlet.service(FrameworkServlet.java:883) ~[spring-webmvc-5.3.16.jar:5.3.16]
	at javax.servlet.http.HttpServlet.service(HttpServlet.java:764) ~[tomcat-embed-core-9.0.58.jar:4.0.FR]
	at org.apache.catalina.core.ApplicationFilterChain.internalDoFilter(ApplicationFilterChain.java:227) ~[tomcat-embed-core-9.0.58.jar:9.0.58]
	at org.apache.catalina.core.ApplicationFilterChain.doFilter(ApplicationFilterChain.java:162) ~[tomcat-embed-core-9.0.58.jar:9.0.58]
	at org.apache.tomcat.websocket.server.WsFilter.doFilter(WsFilter.java:53) ~[tomcat-embed-websocket-9.0.58.jar:9.0.58]
	at org.apache.catalina.core.ApplicationFilterChain.internalDoFilter(ApplicationFilterChain.java:189) ~[tomcat-embed-core-9.0.58.jar:9.0.58]
	at org.apache.catalina.core.ApplicationFilterChain.doFilter(ApplicationFilterChain.java:162) ~[tomcat-embed-core-9.0.58.jar:9.0.58]
	at org.springframework.web.filter.RequestContextFilter.doFilterInternal(RequestContextFilter.java:100) ~[spring-web-5.3.16.jar:5.3.16]
	at org.springframework.web.filter.OncePerRequestFilter.doFilter(OncePerRequestFilter.java:117) ~[spring-web-5.3.16.jar:5.3.16]
	at org.apache.catalina.core.ApplicationFilterChain.internalDoFilter(ApplicationFilterChain.java:189) ~[tomcat-embed-core-9.0.58.jar:9.0.58]
	at org.apache.catalina.core.ApplicationFilterChain.doFilter(ApplicationFilterChain.java:162) ~[tomcat-embed-core-9.0.58.jar:9.0.58]
	at org.springframework.web.filter.FormContentFilter.doFilterInternal(FormContentFilter.java:93) ~[spring-web-5.3.16.jar:5.3.16]
	at org.springframework.web.filter.OncePerRequestFilter.doFilter(OncePerRequestFilter.java:117) ~[spring-web-5.3.16.jar:5.3.16]
	at org.apache.catalina.core.ApplicationFilterChain.internalDoFilter(ApplicationFilterChain.java:189) ~[tomcat-embed-core-9.0.58.jar:9.0.58]
	at org.apache.catalina.core.ApplicationFilterChain.doFilter(ApplicationFilterChain.java:162) ~[tomcat-embed-core-9.0.58.jar:9.0.58]
	at org.springframework.boot.actuate.metrics.web.servlet.WebMvcMetricsFilter.doFilterInternal(WebMvcMetricsFilter.java:96) ~[spring-boot-actuator-2.6.4.jar:2.6.4]
	at org.springframework.web.filter.OncePerRequestFilter.doFilter(OncePerRequestFilter.java:117) ~[spring-web-5.3.16.jar:5.3.16]
	at org.apache.catalina.core.ApplicationFilterChain.internalDoFilter(ApplicationFilterChain.java:189) ~[tomcat-embed-core-9.0.58.jar:9.0.58]
	at org.apache.catalina.core.ApplicationFilterChain.doFilter(ApplicationFilterChain.java:162) ~[tomcat-embed-core-9.0.58.jar:9.0.58]
	at org.springframework.web.filter.CharacterEncodingFilter.doFilterInternal(CharacterEncodingFilter.java:201) ~[spring-web-5.3.16.jar:5.3.16]
	at org.springframework.web.filter.OncePerRequestFilter.doFilter(OncePerRequestFilter.java:117) ~[spring-web-5.3.16.jar:5.3.16]
	at org.apache.catalina.core.ApplicationFilterChain.internalDoFilter(ApplicationFilterChain.java:189) ~[tomcat-embed-core-9.0.58.jar:9.0.58]
	at org.apache.catalina.core.ApplicationFilterChain.doFilter(ApplicationFilterChain.java:162) ~[tomcat-embed-core-9.0.58.jar:9.0.58]
	at org.apache.catalina.core.StandardWrapperValve.invoke(StandardWrapperValve.java:197) ~[tomcat-embed-core-9.0.58.jar:9.0.58]
	at org.apache.catalina.core.StandardContextValve.invoke(StandardContextValve.java:97) ~[tomcat-embed-core-9.0.58.jar:9.0.58]
	at org.apache.catalina.authenticator.AuthenticatorBase.invoke(AuthenticatorBase.java:540) ~[tomcat-embed-core-9.0.58.jar:9.0.58]
	at org.apache.catalina.core.StandardHostValve.invoke(StandardHostValve.java:135) ~[tomcat-embed-core-9.0.58.jar:9.0.58]
	at org.apache.catalina.valves.ErrorReportValve.invoke(ErrorReportValve.java:92) ~[tomcat-embed-core-9.0.58.jar:9.0.58]
	at org.apache.catalina.core.StandardEngineValve.invoke(StandardEngineValve.java:78) ~[tomcat-embed-core-9.0.58.jar:9.0.58]
	at org.apache.catalina.connector.CoyoteAdapter.service(CoyoteAdapter.java:359) ~[tomcat-embed-core-9.0.58.jar:9.0.58]
	at org.apache.coyote.http11.Http11Processor.service(Http11Processor.java:399) ~[tomcat-embed-core-9.0.58.jar:9.0.58]
	at org.apache.coyote.AbstractProcessorLight.process(AbstractProcessorLight.java:65) ~[tomcat-embed-core-9.0.58.jar:9.0.58]
	at org.apache.coyote.AbstractProtocol$ConnectionHandler.process(AbstractProtocol.java:889) ~[tomcat-embed-core-9.0.58.jar:9.0.58]
	at org.apache.tomcat.util.net.NioEndpoint$SocketProcessor.doRun(NioEndpoint.java:1735) ~[tomcat-embed-core-9.0.58.jar:9.0.58]
	at org.apache.tomcat.util.net.SocketProcessorBase.run(SocketProcessorBase.java:49) ~[tomcat-embed-core-9.0.58.jar:9.0.58]
	at org.apache.tomcat.util.threads.ThreadPoolExecutor.runWorker(ThreadPoolExecutor.java:1191) ~[tomcat-embed-core-9.0.58.jar:9.0.58]
	at org.apache.tomcat.util.threads.ThreadPoolExecutor$Worker.run(ThreadPoolExecutor.java:659) ~[tomcat-embed-core-9.0.58.jar:9.0.58]
	at org.apache.tomcat.util.threads.TaskThread$WrappingRunnable.run(TaskThread.java:61) ~[tomcat-embed-core-9.0.58.jar:9.0.58]
	at java.base/java.lang.Thread.run(Thread.java:833) ~[na:na]
2022-03-10 14:56:45 [restartedMain]INFO  c.c.s.SpringBootProjectHibernateApplication - Starting SpringBootProjectHibernateApplication using Java 17.0.1 on LIN80033739 with PID 16084 (C:\Users\dthotamc\eclipse-workspace\SpringBootProjectHibernate\target\classes started by dthotamc in C:\Users\dthotamc\eclipse-workspace\SpringBootProjectHibernate)
2022-03-10 14:56:45 [restartedMain]INFO  c.c.s.SpringBootProjectHibernateApplication - No active profile set, falling back to 1 default profile: "default"
2022-03-10 14:56:46 [restartedMain]INFO  o.s.b.d.e.DevToolsPropertyDefaultsPostProcessor - Devtools property defaults active! Set 'spring.devtools.add-properties' to 'false' to disable
2022-03-10 14:56:46 [restartedMain]INFO  o.s.b.d.e.DevToolsPropertyDefaultsPostProcessor - For additional web related logging consider setting the 'logging.level.web' property to 'DEBUG'
2022-03-10 14:56:48 [restartedMain]INFO  o.s.d.r.c.RepositoryConfigurationDelegate - Bootstrapping Spring Data JPA repositories in DEFAULT mode.
2022-03-10 14:56:48 [restartedMain]INFO  o.s.d.r.c.RepositoryConfigurationDelegate - Finished Spring Data repository scanning in 92 ms. Found 1 JPA repository interfaces.
2022-03-10 14:56:49 [restartedMain]INFO  o.s.b.w.e.tomcat.TomcatWebServer - Tomcat initialized with port(s): 8082 (http)
2022-03-10 14:56:49 [restartedMain]INFO  o.a.catalina.core.StandardService - Starting service [Tomcat]
2022-03-10 14:56:49 [restartedMain]INFO  o.a.catalina.core.StandardEngine - Starting Servlet engine: [Apache Tomcat/9.0.58]
2022-03-10 14:56:50 [restartedMain]INFO  o.a.c.c.C.[Tomcat].[localhost].[/] - Initializing Spring embedded WebApplicationContext
2022-03-10 14:56:50 [restartedMain]INFO  o.s.b.w.s.c.ServletWebServerApplicationContext - Root WebApplicationContext: initialization completed in 4085 ms
2022-03-10 14:56:50 [restartedMain]INFO  com.zaxxer.hikari.HikariDataSource - HikariPool-1 - Starting...
2022-03-10 14:56:50 [restartedMain]INFO  com.zaxxer.hikari.HikariDataSource - HikariPool-1 - Start completed.
2022-03-10 14:56:50 [restartedMain]INFO  o.s.b.a.h.H2ConsoleAutoConfiguration - H2 console available at '/h2-console'. Database available at 'jdbc:h2:mem:dcbapp'
2022-03-10 14:56:51 [restartedMain]INFO  o.h.jpa.internal.util.LogHelper - HHH000204: Processing PersistenceUnitInfo [name: default]
2022-03-10 14:56:51 [restartedMain]INFO  org.hibernate.Version - HHH000412: Hibernate ORM core version 5.6.5.Final
2022-03-10 14:56:51 [restartedMain]INFO  o.h.annotations.common.Version - HCANN000001: Hibernate Commons Annotations {5.1.2.Final}
2022-03-10 14:56:51 [restartedMain]INFO  org.hibernate.dialect.Dialect - HHH000400: Using dialect: org.hibernate.dialect.H2Dialect
2022-03-10 14:56:52 [restartedMain]INFO  o.h.e.t.j.p.i.JtaPlatformInitiator - HHH000490: Using JtaPlatform implementation: [org.hibernate.engine.transaction.jta.platform.internal.NoJtaPlatform]
2022-03-10 14:56:53 [restartedMain]INFO  o.s.o.j.LocalContainerEntityManagerFactoryBean - Initialized JPA EntityManagerFactory for persistence unit 'default'
2022-03-10 14:56:53 [restartedMain]WARN  o.s.b.a.o.j.JpaBaseConfiguration$JpaWebConfiguration - spring.jpa.open-in-view is enabled by default. Therefore, database queries may be performed during view rendering. Explicitly configure spring.jpa.open-in-view to disable this warning
2022-03-10 14:56:54 [restartedMain]INFO  o.s.b.d.a.OptionalLiveReloadServer - LiveReload server is running on port 35729
2022-03-10 14:56:54 [restartedMain]INFO  o.s.b.a.e.web.EndpointLinksResolver - Exposing 1 endpoint(s) beneath base path '/actuator'
2022-03-10 14:56:54 [restartedMain]INFO  o.s.b.w.e.tomcat.TomcatWebServer - Tomcat started on port(s): 8082 (http) with context path ''
2022-03-10 14:56:54 [restartedMain]INFO  c.c.s.SpringBootProjectHibernateApplication - Started SpringBootProjectHibernateApplication in 9.569 seconds (JVM running for 10.588)
2022-03-10 14:57:07 [http-nio-8082-exec-2]INFO  o.a.c.c.C.[Tomcat].[localhost].[/] - Initializing Spring DispatcherServlet 'dispatcherServlet'
2022-03-10 14:57:07 [http-nio-8082-exec-2]INFO  o.s.web.servlet.DispatcherServlet - Initializing Servlet 'dispatcherServlet'
2022-03-10 14:57:07 [http-nio-8082-exec-2]INFO  o.s.web.servlet.DispatcherServlet - Completed initialization in 3 ms
2022-03-10 14:57:07 [http-nio-8082-exec-2]INFO  c.c.s.c.DepartmentController - Inside fetchDepartmentList of DepartmentController
2022-03-10 14:57:07 [http-nio-8082-exec-2]INFO  c.c.s.service.DepartmentService - Inside fetchDepartmentList of DepartmentService
2022-03-10 14:57:14 [http-nio-8082-exec-4]INFO  c.c.s.c.DepartmentController - Inside saveDepartment of DepartmentController
2022-03-10 14:57:14 [http-nio-8082-exec-4]INFO  c.c.s.service.DepartmentService - Inside saveDepartment of DepartmentService
2022-03-10 14:57:20 [http-nio-8082-exec-3]INFO  c.c.s.c.DepartmentController - Inside saveDepartment of DepartmentController
2022-03-10 14:57:20 [http-nio-8082-exec-3]INFO  c.c.s.service.DepartmentService - Inside saveDepartment of DepartmentService
2022-03-10 14:57:28 [http-nio-8082-exec-5]INFO  c.c.s.c.DepartmentController - Inside saveDepartment of DepartmentController
2022-03-10 14:57:28 [http-nio-8082-exec-5]INFO  c.c.s.service.DepartmentService - Inside saveDepartment of DepartmentService
2022-03-10 14:57:43 [http-nio-8082-exec-6]INFO  c.c.s.c.DepartmentController - Inside saveDepartment of DepartmentController
2022-03-10 14:57:43 [http-nio-8082-exec-6]INFO  c.c.s.service.DepartmentService - Inside saveDepartment of DepartmentService
2022-03-10 14:57:51 [http-nio-8082-exec-7]INFO  c.c.s.c.DepartmentController - Inside fetchDepartmentList of DepartmentController
2022-03-10 14:57:51 [http-nio-8082-exec-7]INFO  c.c.s.service.DepartmentService - Inside fetchDepartmentList of DepartmentService
2022-03-10 14:58:10 [http-nio-8082-exec-8]INFO  c.c.s.service.DepartmentService - Inside updateDepartment of DepartmentService
2022-03-10 14:58:31 [http-nio-8082-exec-9]INFO  c.c.s.service.DepartmentService - Inside deleteDepartment of DepartmentService
2022-03-10 14:58:41 [http-nio-8082-exec-1]WARN  o.s.w.s.m.m.a.ExceptionHandlerExceptionResolver - Resolved [com.capgemini.springboot.error.DepartmentNotFoundException: Department Not Available]
2022-03-10 14:58:45 [http-nio-8082-exec-2]INFO  c.c.s.c.DepartmentController - Inside fetchDepartmentList of DepartmentController
2022-03-10 14:58:45 [http-nio-8082-exec-2]INFO  c.c.s.service.DepartmentService - Inside fetchDepartmentList of DepartmentService
2022-03-10 15:01:24 [Thread-6]INFO  o.s.o.j.LocalContainerEntityManagerFactoryBean - Closing JPA EntityManagerFactory for persistence unit 'default'
2022-03-10 15:01:24 [Thread-6]INFO  o.h.t.s.i.SchemaDropperImpl$DelayedDropActionImpl - HHH000477: Starting delayed evictData of schema as part of SessionFactory shut-down'
2022-03-10 15:01:24 [Thread-6]WARN  o.s.b.f.s.DisposableBeanAdapter - Invocation of destroy method failed on bean with name 'inMemoryDatabaseShutdownExecutor': org.h2.jdbc.JdbcSQLNonTransientConnectionException: Database is already closed (to disable automatic closing at VM shutdown, add ";DB_CLOSE_ON_EXIT=FALSE" to the db URL) [90121-200]
2022-03-10 15:01:24 [Thread-6]INFO  com.zaxxer.hikari.HikariDataSource - HikariPool-1 - Shutdown initiated...
2022-03-10 15:01:24 [Thread-6]INFO  com.zaxxer.hikari.HikariDataSource - HikariPool-1 - Shutdown completed.
2022-03-10 15:01:24 [restartedMain]INFO  c.c.s.SpringBootProjectHibernateApplication - Starting SpringBootProjectHibernateApplication using Java 17.0.1 on LIN80033739 with PID 16084 (C:\Users\dthotamc\eclipse-workspace\SpringBootProjectHibernate\target\classes started by dthotamc in C:\Users\dthotamc\eclipse-workspace\SpringBootProjectHibernate)
2022-03-10 15:01:24 [restartedMain]INFO  c.c.s.SpringBootProjectHibernateApplication - No active profile set, falling back to 1 default profile: "default"
2022-03-10 15:01:25 [restartedMain]INFO  o.s.d.r.c.RepositoryConfigurationDelegate - Bootstrapping Spring Data JPA repositories in DEFAULT mode.
2022-03-10 15:01:25 [restartedMain]INFO  o.s.d.r.c.RepositoryConfigurationDelegate - Finished Spring Data repository scanning in 29 ms. Found 1 JPA repository interfaces.
2022-03-10 15:01:25 [restartedMain]INFO  o.s.b.w.e.tomcat.TomcatWebServer - Tomcat initialized with port(s): 8082 (http)
2022-03-10 15:01:25 [restartedMain]INFO  o.a.catalina.core.StandardService - Starting service [Tomcat]
2022-03-10 15:01:25 [restartedMain]INFO  o.a.catalina.core.StandardEngine - Starting Servlet engine: [Apache Tomcat/9.0.58]
2022-03-10 15:01:25 [restartedMain]INFO  o.a.c.c.C.[Tomcat].[localhost].[/] - Initializing Spring embedded WebApplicationContext
2022-03-10 15:01:25 [restartedMain]INFO  o.s.b.w.s.c.ServletWebServerApplicationContext - Root WebApplicationContext: initialization completed in 846 ms
2022-03-10 15:01:25 [restartedMain]INFO  com.zaxxer.hikari.HikariDataSource - HikariPool-2 - Starting...
2022-03-10 15:01:25 [restartedMain]INFO  com.zaxxer.hikari.HikariDataSource - HikariPool-2 - Start completed.
2022-03-10 15:01:25 [restartedMain]INFO  o.s.b.a.h.H2ConsoleAutoConfiguration - H2 console available at '/h2-console'. Database available at 'jdbc:h2:mem:dcbapp'
2022-03-10 15:01:25 [restartedMain]INFO  o.h.jpa.internal.util.LogHelper - HHH000204: Processing PersistenceUnitInfo [name: default]
2022-03-10 15:01:25 [restartedMain]INFO  org.hibernate.dialect.Dialect - HHH000400: Using dialect: org.hibernate.dialect.H2Dialect
2022-03-10 15:01:25 [restartedMain]INFO  o.h.e.t.j.p.i.JtaPlatformInitiator - HHH000490: Using JtaPlatform implementation: [org.hibernate.engine.transaction.jta.platform.internal.NoJtaPlatform]
2022-03-10 15:01:25 [restartedMain]INFO  o.s.o.j.LocalContainerEntityManagerFactoryBean - Initialized JPA EntityManagerFactory for persistence unit 'default'
2022-03-10 15:01:25 [restartedMain]WARN  o.s.b.a.o.j.JpaBaseConfiguration$JpaWebConfiguration - spring.jpa.open-in-view is enabled by default. Therefore, database queries may be performed during view rendering. Explicitly configure spring.jpa.open-in-view to disable this warning
2022-03-10 15:01:26 [restartedMain]INFO  o.s.b.d.a.OptionalLiveReloadServer - LiveReload server is running on port 35729
2022-03-10 15:01:26 [restartedMain]INFO  o.s.b.a.e.web.EndpointLinksResolver - Exposing 1 endpoint(s) beneath base path '/actuator'
2022-03-10 15:01:26 [restartedMain]INFO  o.s.b.w.e.tomcat.TomcatWebServer - Tomcat started on port(s): 8082 (http) with context path ''
2022-03-10 15:01:26 [restartedMain]INFO  c.c.s.SpringBootProjectHibernateApplication - Started SpringBootProjectHibernateApplication in 1.748 seconds (JVM running for 282.17)
2022-03-10 15:01:26 [restartedMain]INFO  o.s.b.d.a.ConditionEvaluationDeltaLoggingListener - Condition evaluation unchanged
2022-03-10 15:02:59 [restartedMain]INFO  c.c.s.SpringBootProjectHibernateApplication - Starting SpringBootProjectHibernateApplication using Java 17.0.1 on LIN80033739 with PID 24700 (C:\Users\dthotamc\eclipse-workspace\SpringBootProjectHibernate\target\classes started by dthotamc in C:\Users\dthotamc\eclipse-workspace\SpringBootProjectHibernate)
2022-03-10 15:02:59 [restartedMain]INFO  c.c.s.SpringBootProjectHibernateApplication - No active profile set, falling back to 1 default profile: "default"
2022-03-10 15:02:59 [restartedMain]INFO  o.s.b.d.e.DevToolsPropertyDefaultsPostProcessor - Devtools property defaults active! Set 'spring.devtools.add-properties' to 'false' to disable
2022-03-10 15:02:59 [restartedMain]INFO  o.s.b.d.e.DevToolsPropertyDefaultsPostProcessor - For additional web related logging consider setting the 'logging.level.web' property to 'DEBUG'
2022-03-10 15:03:01 [restartedMain]INFO  o.s.d.r.c.RepositoryConfigurationDelegate - Bootstrapping Spring Data JPA repositories in DEFAULT mode.
2022-03-10 15:03:01 [restartedMain]INFO  o.s.d.r.c.RepositoryConfigurationDelegate - Finished Spring Data repository scanning in 70 ms. Found 1 JPA repository interfaces.
2022-03-10 15:03:03 [restartedMain]INFO  o.s.b.w.e.tomcat.TomcatWebServer - Tomcat initialized with port(s): 8082 (http)
2022-03-10 15:03:03 [restartedMain]INFO  o.a.catalina.core.StandardService - Starting service [Tomcat]
2022-03-10 15:03:03 [restartedMain]INFO  o.a.catalina.core.StandardEngine - Starting Servlet engine: [Apache Tomcat/9.0.58]
2022-03-10 15:03:03 [restartedMain]INFO  o.a.c.c.C.[Tomcat].[localhost].[/] - Initializing Spring embedded WebApplicationContext
2022-03-10 15:03:03 [restartedMain]INFO  o.s.b.w.s.c.ServletWebServerApplicationContext - Root WebApplicationContext: initialization completed in 3824 ms
2022-03-10 15:03:03 [restartedMain]INFO  com.zaxxer.hikari.HikariDataSource - HikariPool-1 - Starting...
2022-03-10 15:03:03 [restartedMain]INFO  com.zaxxer.hikari.HikariDataSource - HikariPool-1 - Start completed.
2022-03-10 15:03:03 [restartedMain]INFO  o.s.b.a.h.H2ConsoleAutoConfiguration - H2 console available at '/h2-console'. Database available at 'jdbc:h2:mem:dcbapp'
2022-03-10 15:03:04 [restartedMain]INFO  o.h.jpa.internal.util.LogHelper - HHH000204: Processing PersistenceUnitInfo [name: default]
2022-03-10 15:03:04 [restartedMain]INFO  org.hibernate.Version - HHH000412: Hibernate ORM core version 5.6.5.Final
2022-03-10 15:03:04 [restartedMain]INFO  o.h.annotations.common.Version - HCANN000001: Hibernate Commons Annotations {5.1.2.Final}
2022-03-10 15:03:04 [restartedMain]INFO  org.hibernate.dialect.Dialect - HHH000400: Using dialect: org.hibernate.dialect.H2Dialect
2022-03-10 15:03:05 [restartedMain]INFO  o.h.e.t.j.p.i.JtaPlatformInitiator - HHH000490: Using JtaPlatform implementation: [org.hibernate.engine.transaction.jta.platform.internal.NoJtaPlatform]
2022-03-10 15:03:05 [restartedMain]INFO  o.s.o.j.LocalContainerEntityManagerFactoryBean - Initialized JPA EntityManagerFactory for persistence unit 'default'
2022-03-10 15:03:06 [restartedMain]WARN  o.s.b.a.o.j.JpaBaseConfiguration$JpaWebConfiguration - spring.jpa.open-in-view is enabled by default. Therefore, database queries may be performed during view rendering. Explicitly configure spring.jpa.open-in-view to disable this warning
2022-03-10 15:03:07 [restartedMain]INFO  o.s.b.d.a.OptionalLiveReloadServer - LiveReload server is running on port 35729
2022-03-10 15:03:07 [restartedMain]INFO  o.s.b.a.e.web.EndpointLinksResolver - Exposing 1 endpoint(s) beneath base path '/actuator'
2022-03-10 15:03:08 [restartedMain]INFO  o.s.b.w.e.tomcat.TomcatWebServer - Tomcat started on port(s): 8082 (http) with context path ''
2022-03-10 15:03:08 [restartedMain]INFO  c.c.s.SpringBootProjectHibernateApplication - Started SpringBootProjectHibernateApplication in 10.152 seconds (JVM running for 11.357)
2022-03-10 15:07:53 [Thread-6]INFO  o.s.o.j.LocalContainerEntityManagerFactoryBean - Closing JPA EntityManagerFactory for persistence unit 'default'
2022-03-10 15:07:53 [Thread-6]INFO  o.h.t.s.i.SchemaDropperImpl$DelayedDropActionImpl - HHH000477: Starting delayed evictData of schema as part of SessionFactory shut-down'
2022-03-10 15:07:54 [Thread-6]WARN  o.s.b.f.s.DisposableBeanAdapter - Invocation of destroy method failed on bean with name 'inMemoryDatabaseShutdownExecutor': org.h2.jdbc.JdbcSQLNonTransientConnectionException: Database is already closed (to disable automatic closing at VM shutdown, add ";DB_CLOSE_ON_EXIT=FALSE" to the db URL) [90121-200]
2022-03-10 15:07:54 [Thread-6]INFO  com.zaxxer.hikari.HikariDataSource - HikariPool-1 - Shutdown initiated...
2022-03-10 15:07:54 [Thread-6]INFO  com.zaxxer.hikari.HikariDataSource - HikariPool-1 - Shutdown completed.
2022-03-10 15:07:54 [restartedMain]INFO  c.c.s.SpringBootProjectHibernateApplication - Starting SpringBootProjectHibernateApplication using Java 17.0.1 on LIN80033739 with PID 24700 (C:\Users\dthotamc\eclipse-workspace\SpringBootProjectHibernate\target\classes started by dthotamc in C:\Users\dthotamc\eclipse-workspace\SpringBootProjectHibernate)
2022-03-10 15:07:54 [restartedMain]INFO  c.c.s.SpringBootProjectHibernateApplication - No active profile set, falling back to 1 default profile: "default"
2022-03-10 15:07:56 [restartedMain]INFO  o.s.d.r.c.RepositoryConfigurationDelegate - Bootstrapping Spring Data JPA repositories in DEFAULT mode.
2022-03-10 15:07:56 [restartedMain]INFO  o.s.d.r.c.RepositoryConfigurationDelegate - Finished Spring Data repository scanning in 31 ms. Found 1 JPA repository interfaces.
2022-03-10 15:07:56 [restartedMain]INFO  o.s.b.w.e.tomcat.TomcatWebServer - Tomcat initialized with port(s): 8082 (http)
2022-03-10 15:07:56 [restartedMain]INFO  o.a.catalina.core.StandardService - Starting service [Tomcat]
2022-03-10 15:07:56 [restartedMain]INFO  o.a.catalina.core.StandardEngine - Starting Servlet engine: [Apache Tomcat/9.0.58]
2022-03-10 15:07:56 [restartedMain]INFO  o.a.c.c.C.[Tomcat].[localhost].[/] - Initializing Spring embedded WebApplicationContext
2022-03-10 15:07:56 [restartedMain]INFO  o.s.b.w.s.c.ServletWebServerApplicationContext - Root WebApplicationContext: initialization completed in 1972 ms
2022-03-10 15:07:56 [restartedMain]INFO  com.zaxxer.hikari.HikariDataSource - HikariPool-2 - Starting...
2022-03-10 15:07:56 [restartedMain]INFO  com.zaxxer.hikari.HikariDataSource - HikariPool-2 - Start completed.
2022-03-10 15:07:56 [restartedMain]INFO  o.s.b.a.h.H2ConsoleAutoConfiguration - H2 console available at '/h2-console'. Database available at 'jdbc:h2:mem:dcbapp'
2022-03-10 15:07:56 [restartedMain]INFO  o.h.jpa.internal.util.LogHelper - HHH000204: Processing PersistenceUnitInfo [name: default]
2022-03-10 15:07:56 [restartedMain]INFO  org.hibernate.dialect.Dialect - HHH000400: Using dialect: org.hibernate.dialect.H2Dialect
2022-03-10 15:07:56 [restartedMain]INFO  o.h.e.t.j.p.i.JtaPlatformInitiator - HHH000490: Using JtaPlatform implementation: [org.hibernate.engine.transaction.jta.platform.internal.NoJtaPlatform]
2022-03-10 15:07:56 [restartedMain]INFO  o.s.o.j.LocalContainerEntityManagerFactoryBean - Initialized JPA EntityManagerFactory for persistence unit 'default'
2022-03-10 15:07:57 [restartedMain]WARN  o.s.b.a.o.j.JpaBaseConfiguration$JpaWebConfiguration - spring.jpa.open-in-view is enabled by default. Therefore, database queries may be performed during view rendering. Explicitly configure spring.jpa.open-in-view to disable this warning
2022-03-10 15:07:57 [restartedMain]INFO  o.s.b.d.a.OptionalLiveReloadServer - LiveReload server is running on port 35729
2022-03-10 15:07:57 [restartedMain]INFO  o.s.b.a.e.web.EndpointLinksResolver - Exposing 1 endpoint(s) beneath base path '/actuator'
2022-03-10 15:07:57 [restartedMain]INFO  o.s.b.w.e.tomcat.TomcatWebServer - Tomcat started on port(s): 8082 (http) with context path ''
2022-03-10 15:07:57 [restartedMain]INFO  c.c.s.SpringBootProjectHibernateApplication - Started SpringBootProjectHibernateApplication in 3.279 seconds (JVM running for 300.807)
2022-03-10 15:07:57 [restartedMain]INFO  o.s.b.d.a.ConditionEvaluationDeltaLoggingListener - Condition evaluation unchanged
2022-03-10 15:07:59 [Thread-8]INFO  o.s.o.j.LocalContainerEntityManagerFactoryBean - Closing JPA EntityManagerFactory for persistence unit 'default'
2022-03-10 15:07:59 [Thread-8]INFO  o.h.t.s.i.SchemaDropperImpl$DelayedDropActionImpl - HHH000477: Starting delayed evictData of schema as part of SessionFactory shut-down'
2022-03-10 15:07:59 [Thread-8]WARN  o.s.b.f.s.DisposableBeanAdapter - Invocation of destroy method failed on bean with name 'inMemoryDatabaseShutdownExecutor': org.h2.jdbc.JdbcSQLNonTransientConnectionException: Database is already closed (to disable automatic closing at VM shutdown, add ";DB_CLOSE_ON_EXIT=FALSE" to the db URL) [90121-200]
2022-03-10 15:07:59 [Thread-8]INFO  com.zaxxer.hikari.HikariDataSource - HikariPool-2 - Shutdown initiated...
2022-03-10 15:07:59 [Thread-8]INFO  com.zaxxer.hikari.HikariDataSource - HikariPool-2 - Shutdown completed.
2022-03-10 15:07:59 [restartedMain]INFO  c.c.s.SpringBootProjectHibernateApplication - Starting SpringBootProjectHibernateApplication using Java 17.0.1 on LIN80033739 with PID 24700 (C:\Users\dthotamc\eclipse-workspace\SpringBootProjectHibernate\target\classes started by dthotamc in C:\Users\dthotamc\eclipse-workspace\SpringBootProjectHibernate)
2022-03-10 15:07:59 [restartedMain]INFO  c.c.s.SpringBootProjectHibernateApplication - No active profile set, falling back to 1 default profile: "default"
2022-03-10 15:08:00 [restartedMain]INFO  o.s.d.r.c.RepositoryConfigurationDelegate - Bootstrapping Spring Data JPA repositories in DEFAULT mode.
2022-03-10 15:08:00 [restartedMain]INFO  o.s.d.r.c.RepositoryConfigurationDelegate - Finished Spring Data repository scanning in 35 ms. Found 1 JPA repository interfaces.
2022-03-10 15:08:00 [restartedMain]INFO  o.s.b.w.e.tomcat.TomcatWebServer - Tomcat initialized with port(s): 8082 (http)
2022-03-10 15:08:00 [restartedMain]INFO  o.a.catalina.core.StandardService - Starting service [Tomcat]
2022-03-10 15:08:00 [restartedMain]INFO  o.a.catalina.core.StandardEngine - Starting Servlet engine: [Apache Tomcat/9.0.58]
2022-03-10 15:08:00 [restartedMain]INFO  o.a.c.c.C.[Tomcat].[localhost].[/] - Initializing Spring embedded WebApplicationContext
2022-03-10 15:08:00 [restartedMain]INFO  o.s.b.w.s.c.ServletWebServerApplicationContext - Root WebApplicationContext: initialization completed in 1114 ms
2022-03-10 15:08:00 [restartedMain]INFO  com.zaxxer.hikari.HikariDataSource - HikariPool-3 - Starting...
2022-03-10 15:08:00 [restartedMain]INFO  com.zaxxer.hikari.HikariDataSource - HikariPool-3 - Start completed.
2022-03-10 15:08:00 [restartedMain]INFO  o.s.b.a.h.H2ConsoleAutoConfiguration - H2 console available at '/h2-console'. Database available at 'jdbc:h2:mem:dcbapp'
2022-03-10 15:08:00 [restartedMain]INFO  o.h.jpa.internal.util.LogHelper - HHH000204: Processing PersistenceUnitInfo [name: default]
2022-03-10 15:08:00 [restartedMain]INFO  org.hibernate.dialect.Dialect - HHH000400: Using dialect: org.hibernate.dialect.H2Dialect
2022-03-10 15:08:01 [restartedMain]INFO  o.h.e.t.j.p.i.JtaPlatformInitiator - HHH000490: Using JtaPlatform implementation: [org.hibernate.engine.transaction.jta.platform.internal.NoJtaPlatform]
2022-03-10 15:08:01 [restartedMain]INFO  o.s.o.j.LocalContainerEntityManagerFactoryBean - Initialized JPA EntityManagerFactory for persistence unit 'default'
2022-03-10 15:08:01 [restartedMain]WARN  o.s.b.a.o.j.JpaBaseConfiguration$JpaWebConfiguration - spring.jpa.open-in-view is enabled by default. Therefore, database queries may be performed during view rendering. Explicitly configure spring.jpa.open-in-view to disable this warning
2022-03-10 15:08:01 [restartedMain]INFO  o.s.b.d.a.OptionalLiveReloadServer - LiveReload server is running on port 35729
2022-03-10 15:08:01 [restartedMain]INFO  o.s.b.a.e.web.EndpointLinksResolver - Exposing 1 endpoint(s) beneath base path '/actuator'
2022-03-10 15:08:01 [restartedMain]INFO  o.s.b.w.e.tomcat.TomcatWebServer - Tomcat started on port(s): 8082 (http) with context path ''
2022-03-10 15:08:01 [restartedMain]INFO  c.c.s.SpringBootProjectHibernateApplication - Started SpringBootProjectHibernateApplication in 2.427 seconds (JVM running for 304.959)
2022-03-10 15:08:01 [restartedMain]INFO  o.s.b.d.a.ConditionEvaluationDeltaLoggingListener - Condition evaluation unchanged
2022-03-10 15:41:02 [restartedMain]INFO  c.c.s.SpringBootProjectHibernateApplication - Starting SpringBootProjectHibernateApplication using Java 17.0.1 on LIN80033739 with PID 20952 (C:\Users\dthotamc\eclipse-workspace\SpringBootProjectHibernate\target\classes started by dthotamc in C:\Users\dthotamc\eclipse-workspace\SpringBootProjectHibernate)
2022-03-10 15:41:02 [restartedMain]INFO  c.c.s.SpringBootProjectHibernateApplication - No active profile set, falling back to 1 default profile: "default"
2022-03-10 15:41:02 [restartedMain]INFO  o.s.b.d.e.DevToolsPropertyDefaultsPostProcessor - Devtools property defaults active! Set 'spring.devtools.add-properties' to 'false' to disable
2022-03-10 15:41:02 [restartedMain]INFO  o.s.b.d.e.DevToolsPropertyDefaultsPostProcessor - For additional web related logging consider setting the 'logging.level.web' property to 'DEBUG'
2022-03-10 15:41:05 [restartedMain]INFO  o.s.d.r.c.RepositoryConfigurationDelegate - Bootstrapping Spring Data JPA repositories in DEFAULT mode.
2022-03-10 15:41:05 [restartedMain]INFO  o.s.d.r.c.RepositoryConfigurationDelegate - Finished Spring Data repository scanning in 100 ms. Found 1 JPA repository interfaces.
2022-03-10 15:41:07 [restartedMain]INFO  o.s.b.w.e.tomcat.TomcatWebServer - Tomcat initialized with port(s): 8082 (http)
2022-03-10 15:41:07 [restartedMain]INFO  o.a.catalina.core.StandardService - Starting service [Tomcat]
2022-03-10 15:41:07 [restartedMain]INFO  o.a.catalina.core.StandardEngine - Starting Servlet engine: [Apache Tomcat/9.0.58]
2022-03-10 15:41:07 [restartedMain]INFO  o.a.c.c.C.[Tomcat].[localhost].[/] - Initializing Spring embedded WebApplicationContext
2022-03-10 15:41:07 [restartedMain]INFO  o.s.b.w.s.c.ServletWebServerApplicationContext - Root WebApplicationContext: initialization completed in 5228 ms
2022-03-10 15:41:08 [restartedMain]INFO  com.zaxxer.hikari.HikariDataSource - HikariPool-1 - Starting...
2022-03-10 15:41:08 [restartedMain]INFO  com.zaxxer.hikari.HikariDataSource - HikariPool-1 - Start completed.
2022-03-10 15:41:08 [restartedMain]INFO  o.s.b.a.h.H2ConsoleAutoConfiguration - H2 console available at '/h2-console'. Database available at 'jdbc:h2:mem:dcbapp'
2022-03-10 15:41:09 [restartedMain]INFO  o.h.jpa.internal.util.LogHelper - HHH000204: Processing PersistenceUnitInfo [name: default]
2022-03-10 15:41:09 [restartedMain]INFO  org.hibernate.Version - HHH000412: Hibernate ORM core version 5.6.5.Final
2022-03-10 15:41:09 [restartedMain]INFO  o.h.annotations.common.Version - HCANN000001: Hibernate Commons Annotations {5.1.2.Final}
2022-03-10 15:41:10 [restartedMain]INFO  org.hibernate.dialect.Dialect - HHH000400: Using dialect: org.hibernate.dialect.H2Dialect
2022-03-10 15:41:11 [restartedMain]INFO  o.h.e.t.j.p.i.JtaPlatformInitiator - HHH000490: Using JtaPlatform implementation: [org.hibernate.engine.transaction.jta.platform.internal.NoJtaPlatform]
2022-03-10 15:41:12 [restartedMain]INFO  o.s.o.j.LocalContainerEntityManagerFactoryBean - Initialized JPA EntityManagerFactory for persistence unit 'default'
2022-03-10 15:41:12 [restartedMain]WARN  o.s.b.a.o.j.JpaBaseConfiguration$JpaWebConfiguration - spring.jpa.open-in-view is enabled by default. Therefore, database queries may be performed during view rendering. Explicitly configure spring.jpa.open-in-view to disable this warning
2022-03-10 15:41:13 [restartedMain]INFO  o.s.b.d.a.OptionalLiveReloadServer - LiveReload server is running on port 35729
2022-03-10 15:41:13 [restartedMain]INFO  o.s.b.a.e.web.EndpointLinksResolver - Exposing 1 endpoint(s) beneath base path '/actuator'
2022-03-10 15:41:14 [restartedMain]INFO  o.s.b.w.e.tomcat.TomcatWebServer - Tomcat started on port(s): 8082 (http) with context path ''
2022-03-10 15:41:14 [restartedMain]INFO  c.c.s.SpringBootProjectHibernateApplication - Started SpringBootProjectHibernateApplication in 13.109 seconds (JVM running for 14.554)
2022-03-10 15:41:23 [http-nio-8082-exec-2]INFO  o.a.c.c.C.[Tomcat].[localhost].[/] - Initializing Spring DispatcherServlet 'dispatcherServlet'
2022-03-10 15:41:23 [http-nio-8082-exec-2]INFO  o.s.web.servlet.DispatcherServlet - Initializing Servlet 'dispatcherServlet'
2022-03-10 15:41:23 [http-nio-8082-exec-2]INFO  o.s.web.servlet.DispatcherServlet - Completed initialization in 3 ms
2022-03-10 15:41:24 [http-nio-8082-exec-2]INFO  c.c.s.c.DepartmentController - Inside saveDepartment of DepartmentController
2022-03-10 15:41:24 [http-nio-8082-exec-2]INFO  c.c.s.service.DepartmentService - Inside saveDepartment of DepartmentService
2022-03-10 15:41:29 [http-nio-8082-exec-3]INFO  c.c.s.c.DepartmentController - Inside saveDepartment of DepartmentController
2022-03-10 15:41:29 [http-nio-8082-exec-3]INFO  c.c.s.service.DepartmentService - Inside saveDepartment of DepartmentService
2022-03-10 15:41:31 [http-nio-8082-exec-4]INFO  c.c.s.c.DepartmentController - Inside saveDepartment of DepartmentController
2022-03-10 15:41:31 [http-nio-8082-exec-4]INFO  c.c.s.service.DepartmentService - Inside saveDepartment of DepartmentService
2022-03-10 15:41:33 [http-nio-8082-exec-5]INFO  c.c.s.c.DepartmentController - Inside saveDepartment of DepartmentController
2022-03-10 15:41:33 [http-nio-8082-exec-5]INFO  c.c.s.service.DepartmentService - Inside saveDepartment of DepartmentService
2022-03-10 15:41:40 [http-nio-8082-exec-6]INFO  c.c.s.c.DepartmentController - Inside fetchDepartmentList of DepartmentController
2022-03-10 15:41:40 [http-nio-8082-exec-6]INFO  c.c.s.service.DepartmentService - Inside fetchDepartmentList of DepartmentService
2022-03-10 15:42:04 [http-nio-8082-exec-7]INFO  c.c.s.service.DepartmentService - Inside updateDepartment of DepartmentService
2022-03-10 15:42:14 [http-nio-8082-exec-8]INFO  c.c.s.service.DepartmentService - Inside deleteDepartment of DepartmentService
